{"C:/Users/jenst/Desktop/repos/mat/src/App.tsx": {"path":"C:/Users/jenst/Desktop/repos/mat/src/App.tsx","statementMap":{"0":{"start":{"line":15,"column":20},"end":{"line":21,"column":null}},"1":{"start":{"line":16,"column":24},"end":{"line":16,"column":null}},"2":{"start":{"line":17,"column":2},"end":{"line":19,"column":null}},"3":{"start":{"line":18,"column":4},"end":{"line":18,"column":null}},"4":{"start":{"line":20,"column":2},"end":{"line":20,"column":null}},"5":{"start":{"line":23,"column":24},"end":{"line":32,"column":null}},"6":{"start":{"line":24,"column":24},"end":{"line":24,"column":null}},"7":{"start":{"line":25,"column":2},"end":{"line":27,"column":null}},"8":{"start":{"line":26,"column":4},"end":{"line":26,"column":null}},"9":{"start":{"line":28,"column":2},"end":{"line":30,"column":null}},"10":{"start":{"line":29,"column":4},"end":{"line":29,"column":null}},"11":{"start":{"line":31,"column":2},"end":{"line":31,"column":null}},"12":{"start":{"line":36,"column":2},"end":{"line":36,"column":null}},"13":{"start":{"line":36,"column":37},"end":{"line":36,"column":null}},"14":{"start":{"line":37,"column":2},"end":{"line":37,"column":null}},"15":{"start":{"line":40,"column":12},"end":{"line":154,"column":null}},"16":{"start":{"line":41,"column":35},"end":{"line":41,"column":null}},"17":{"start":{"line":42,"column":19},"end":{"line":42,"column":null}},"18":{"start":{"line":44,"column":2},"end":{"line":50,"column":null}},"19":{"start":{"line":45,"column":4},"end":{"line":49,"column":null}},"20":{"start":{"line":46,"column":6},"end":{"line":46,"column":null}},"21":{"start":{"line":48,"column":6},"end":{"line":48,"column":null}},"22":{"start":{"line":52,"column":26},"end":{"line":52,"column":null}},"23":{"start":{"line":54,"column":2},"end":{"line":152,"column":null}},"24":{"start":{"line":59,"column":22},"end":{"line":59,"column":null}}},"fnMap":{"0":{"name":"(anonymous_0)","decl":{"start":{"line":15,"column":20},"end":{"line":15,"column":21}},"loc":{"start":{"line":15,"column":72},"end":{"line":21,"column":null}}},"1":{"name":"(anonymous_1)","decl":{"start":{"line":23,"column":24},"end":{"line":23,"column":25}},"loc":{"start":{"line":23,"column":76},"end":{"line":32,"column":null}}},"2":{"name":"getRouteKey","decl":{"start":{"line":35,"column":9},"end":{"line":35,"column":21}},"loc":{"start":{"line":35,"column":47},"end":{"line":38,"column":null}}},"3":{"name":"(anonymous_3)","decl":{"start":{"line":40,"column":21},"end":{"line":40,"column":27}},"loc":{"start":{"line":40,"column":27},"end":{"line":154,"column":1}}},"4":{"name":"(anonymous_4)","decl":{"start":{"line":44,"column":12},"end":{"line":44,"column":18}},"loc":{"start":{"line":44,"column":18},"end":{"line":50,"column":5}}},"5":{"name":"(anonymous_5)","decl":{"start":{"line":59,"column":16},"end":{"line":59,"column":22}},"loc":{"start":{"line":59,"column":22},"end":{"line":59,"column":null}}}},"branchMap":{"0":{"loc":{"start":{"line":17,"column":2},"end":{"line":19,"column":null}},"type":"if","locations":[{"start":{"line":17,"column":2},"end":{"line":19,"column":null}},{"start":{},"end":{}}]},"1":{"loc":{"start":{"line":25,"column":2},"end":{"line":27,"column":null}},"type":"if","locations":[{"start":{"line":25,"column":2},"end":{"line":27,"column":null}},{"start":{},"end":{}}]},"2":{"loc":{"start":{"line":28,"column":2},"end":{"line":30,"column":null}},"type":"if","locations":[{"start":{"line":28,"column":2},"end":{"line":30,"column":null}},{"start":{},"end":{}}]},"3":{"loc":{"start":{"line":36,"column":2},"end":{"line":36,"column":null}},"type":"if","locations":[{"start":{"line":36,"column":2},"end":{"line":36,"column":null}},{"start":{},"end":{}}]},"4":{"loc":{"start":{"line":45,"column":4},"end":{"line":49,"column":null}},"type":"if","locations":[{"start":{"line":45,"column":4},"end":{"line":49,"column":null}},{"start":{"line":47,"column":11},"end":{"line":49,"column":null}}]},"5":{"loc":{"start":{"line":67,"column":14},"end":{"line":67,"column":null}},"type":"cond-expr","locations":[{"start":{"line":67,"column":32},"end":{"line":67,"column":62}},{"start":{"line":67,"column":62},"end":{"line":67,"column":null}}]},"6":{"loc":{"start":{"line":145,"column":20},"end":{"line":145,"column":null}},"type":"cond-expr","locations":[{"start":{"line":145,"column":38},"end":{"line":145,"column":44}},{"start":{"line":145,"column":44},"end":{"line":145,"column":null}}]}},"s":{"0":1,"1":0,"2":0,"3":0,"4":0,"5":1,"6":0,"7":0,"8":0,"9":0,"10":0,"11":0,"12":0,"13":0,"14":0,"15":1,"16":0,"17":0,"18":0,"19":0,"20":0,"21":0,"22":0,"23":0,"24":0},"f":{"0":0,"1":0,"2":0,"3":0,"4":0,"5":0},"b":{"0":[0,0],"1":[0,0],"2":[0,0],"3":[0,0],"4":[0,0],"5":[0,0],"6":[0,0]}}
,"C:/Users/jenst/Desktop/repos/mat/src/components/Button.tsx": {"path":"C:/Users/jenst/Desktop/repos/mat/src/components/Button.tsx","statementMap":{"0":{"start":{"line":9,"column":22},"end":{"line":29,"column":null}},"1":{"start":{"line":16,"column":2},"end":{"line":27,"column":null}}},"fnMap":{"0":{"name":"(anonymous_0)","decl":{"start":{"line":9,"column":22},"end":{"line":9,"column":23}},"loc":{"start":{"line":15,"column":19},"end":{"line":29,"column":null}}}},"branchMap":{"0":{"loc":{"start":{"line":10,"column":2},"end":{"line":10,"column":null}},"type":"default-arg","locations":[{"start":{"line":10,"column":12},"end":{"line":10,"column":null}}]}},"s":{"0":1,"1":2},"f":{"0":2},"b":{"0":[0]}}
,"C:/Users/jenst/Desktop/repos/mat/src/components/EmptyState.tsx": {"path":"C:/Users/jenst/Desktop/repos/mat/src/components/EmptyState.tsx","statementMap":{"0":{"start":{"line":7,"column":26},"end":{"line":12,"column":null}},"1":{"start":{"line":8,"column":2},"end":{"line":12,"column":null}}},"fnMap":{"0":{"name":"(anonymous_0)","decl":{"start":{"line":7,"column":26},"end":{"line":7,"column":27}},"loc":{"start":{"line":8,"column":2},"end":{"line":12,"column":null}}}},"branchMap":{"0":{"loc":{"start":{"line":10,"column":5},"end":{"line":10,"column":null}},"type":"cond-expr","locations":[{"start":{"line":10,"column":19},"end":{"line":10,"column":65}},{"start":{"line":10,"column":65},"end":{"line":10,"column":null}}]}},"s":{"0":1,"1":0},"f":{"0":0},"b":{"0":[0,0]}}
,"C:/Users/jenst/Desktop/repos/mat/src/components/GeneratedTaskPreview.tsx": {"path":"C:/Users/jenst/Desktop/repos/mat/src/components/GeneratedTaskPreview.tsx","statementMap":{"0":{"start":{"line":29,"column":2},"end":{"line":29,"column":null}},"1":{"start":{"line":29,"column":13},"end":{"line":29,"column":null}},"2":{"start":{"line":32,"column":15},"end":{"line":38,"column":null}},"3":{"start":{"line":33,"column":4},"end":{"line":37,"column":null}},"4":{"start":{"line":34,"column":6},"end":{"line":34,"column":null}},"5":{"start":{"line":36,"column":6},"end":{"line":36,"column":null}},"6":{"start":{"line":41,"column":2},"end":{"line":47,"column":null}},"7":{"start":{"line":42,"column":4},"end":{"line":46,"column":null}},"8":{"start":{"line":43,"column":6},"end":{"line":43,"column":null}},"9":{"start":{"line":45,"column":6},"end":{"line":45,"column":null}},"10":{"start":{"line":50,"column":2},"end":{"line":56,"column":null}},"11":{"start":{"line":51,"column":4},"end":{"line":55,"column":null}},"12":{"start":{"line":52,"column":6},"end":{"line":52,"column":null}},"13":{"start":{"line":54,"column":6},"end":{"line":54,"column":null}},"14":{"start":{"line":59,"column":2},"end":{"line":59,"column":null}},"15":{"start":{"line":61,"column":2},"end":{"line":61,"column":null}},"16":{"start":{"line":69,"column":14},"end":{"line":79,"column":null}},"17":{"start":{"line":71,"column":20},"end":{"line":75,"column":null}},"18":{"start":{"line":76,"column":19},"end":{"line":76,"column":null}},"19":{"start":{"line":77,"column":17},"end":{"line":77,"column":null}},"20":{"start":{"line":78,"column":4},"end":{"line":78,"column":null}},"21":{"start":{"line":81,"column":2},"end":{"line":85,"column":null}},"22":{"start":{"line":90,"column":14},"end":{"line":111,"column":null}},"23":{"start":{"line":92,"column":24},"end":{"line":97,"column":null}},"24":{"start":{"line":94,"column":23},"end":{"line":94,"column":null}},"25":{"start":{"line":95,"column":8},"end":{"line":95,"column":null}},"26":{"start":{"line":99,"column":22},"end":{"line":101,"column":null}},"27":{"start":{"line":100,"column":60},"end":{"line":100,"column":84}},"28":{"start":{"line":103,"column":24},"end":{"line":105,"column":null}},"29":{"start":{"line":107,"column":20},"end":{"line":107,"column":null}},"30":{"start":{"line":108,"column":19},"end":{"line":108,"column":null}},"31":{"start":{"line":109,"column":17},"end":{"line":109,"column":null}},"32":{"start":{"line":110,"column":4},"end":{"line":110,"column":null}},"33":{"start":{"line":113,"column":2},"end":{"line":117,"column":null}},"34":{"start":{"line":122,"column":21},"end":{"line":130,"column":null}},"35":{"start":{"line":123,"column":43},"end":{"line":123,"column":null}},"36":{"start":{"line":124,"column":4},"end":{"line":129,"column":null}},"37":{"start":{"line":132,"column":2},"end":{"line":161,"column":null}},"38":{"start":{"line":136,"column":10},"end":{"line":142,"column":null}},"39":{"start":{"line":148,"column":10},"end":{"line":158,"column":null}},"40":{"start":{"line":166,"column":19},"end":{"line":166,"column":null}},"41":{"start":{"line":167,"column":18},"end":{"line":167,"column":null}},"42":{"start":{"line":169,"column":2},"end":{"line":184,"column":null}},"43":{"start":{"line":173,"column":10},"end":{"line":181,"column":null}},"44":{"start":{"line":193,"column":20},"end":{"line":193,"column":null}},"45":{"start":{"line":193,"column":53},"end":{"line":193,"column":67}},"46":{"start":{"line":194,"column":18},"end":{"line":194,"column":null}},"47":{"start":{"line":195,"column":18},"end":{"line":195,"column":null}},"48":{"start":{"line":198,"column":21},"end":{"line":198,"column":null}},"49":{"start":{"line":199,"column":21},"end":{"line":199,"column":null}},"50":{"start":{"line":200,"column":16},"end":{"line":200,"column":null}},"51":{"start":{"line":202,"column":20},"end":{"line":202,"column":null}},"52":{"start":{"line":202,"column":21},"end":{"line":202,"column":null}},"53":{"start":{"line":205,"column":24},"end":{"line":216,"column":null}},"54":{"start":{"line":206,"column":25},"end":{"line":206,"column":null}},"55":{"start":{"line":207,"column":28},"end":{"line":207,"column":null}},"56":{"start":{"line":208,"column":18},"end":{"line":208,"column":null}},"57":{"start":{"line":209,"column":4},"end":{"line":211,"column":null}},"58":{"start":{"line":209,"column":17},"end":{"line":209,"column":24}},"59":{"start":{"line":210,"column":6},"end":{"line":210,"column":null}},"60":{"start":{"line":213,"column":4},"end":{"line":213,"column":null}},"61":{"start":{"line":213,"column":37},"end":{"line":213,"column":null}},"62":{"start":{"line":214,"column":4},"end":{"line":214,"column":null}},"63":{"start":{"line":214,"column":37},"end":{"line":214,"column":null}},"64":{"start":{"line":215,"column":4},"end":{"line":215,"column":null}},"65":{"start":{"line":215,"column":46},"end":{"line":215,"column":51}},"66":{"start":{"line":218,"column":16},"end":{"line":218,"column":null}},"67":{"start":{"line":221,"column":22},"end":{"line":243,"column":null}},"68":{"start":{"line":222,"column":4},"end":{"line":242,"column":null}},"69":{"start":{"line":223,"column":21},"end":{"line":223,"column":null}},"70":{"start":{"line":224,"column":21},"end":{"line":224,"column":null}},"71":{"start":{"line":227,"column":19},"end":{"line":227,"column":null}},"72":{"start":{"line":228,"column":19},"end":{"line":228,"column":null}},"73":{"start":{"line":229,"column":6},"end":{"line":231,"column":null}},"74":{"start":{"line":230,"column":8},"end":{"line":230,"column":null}},"75":{"start":{"line":234,"column":27},"end":{"line":234,"column":null}},"76":{"start":{"line":235,"column":27},"end":{"line":235,"column":null}},"77":{"start":{"line":236,"column":6},"end":{"line":238,"column":null}},"78":{"start":{"line":237,"column":8},"end":{"line":237,"column":null}},"79":{"start":{"line":241,"column":6},"end":{"line":241,"column":null}},"80":{"start":{"line":245,"column":18},"end":{"line":245,"column":null}},"81":{"start":{"line":247,"column":2},"end":{"line":310,"column":null}},"82":{"start":{"line":254,"column":12},"end":{"line":258,"column":null}},"83":{"start":{"line":266,"column":10},"end":{"line":291,"column":null}},"84":{"start":{"line":300,"column":12},"end":{"line":306,"column":null}},"85":{"start":{"line":315,"column":2},"end":{"line":315,"column":null}},"86":{"start":{"line":315,"column":15},"end":{"line":315,"column":null}},"87":{"start":{"line":317,"column":2},"end":{"line":349,"column":null}},"88":{"start":{"line":319,"column":6},"end":{"line":319,"column":null}},"89":{"start":{"line":321,"column":6},"end":{"line":321,"column":null}},"90":{"start":{"line":323,"column":6},"end":{"line":323,"column":null}},"91":{"start":{"line":325,"column":6},"end":{"line":325,"column":null}},"92":{"start":{"line":327,"column":6},"end":{"line":327,"column":null}},"93":{"start":{"line":329,"column":6},"end":{"line":333,"column":null}},"94":{"start":{"line":336,"column":6},"end":{"line":341,"column":null}},"95":{"start":{"line":344,"column":6},"end":{"line":347,"column":null}},"96":{"start":{"line":365,"column":19},"end":{"line":365,"column":null}},"97":{"start":{"line":365,"column":33},"end":{"line":365,"column":67}},"98":{"start":{"line":367,"column":2},"end":{"line":394,"column":null}},"99":{"start":{"line":407,"column":36},"end":{"line":443,"column":null}},"100":{"start":{"line":408,"column":20},"end":{"line":408,"column":null}},"101":{"start":{"line":408,"column":34},"end":{"line":408,"column":65}},"102":{"start":{"line":409,"column":20},"end":{"line":409,"column":null}},"103":{"start":{"line":411,"column":2},"end":{"line":441,"column":null}},"104":{"start":{"line":432,"column":12},"end":{"line":437,"column":null}}},"fnMap":{"0":{"name":"renderLatexInText","decl":{"start":{"line":28,"column":9},"end":{"line":28,"column":27}},"loc":{"start":{"line":28,"column":49},"end":{"line":62,"column":null}}},"1":{"name":"(anonymous_1)","decl":{"start":{"line":32,"column":46},"end":{"line":32,"column":47}},"loc":{"start":{"line":32,"column":59},"end":{"line":38,"column":3}}},"2":{"name":"(anonymous_2)","decl":{"start":{"line":41,"column":66},"end":{"line":41,"column":67}},"loc":{"start":{"line":41,"column":79},"end":{"line":47,"column":3}}},"3":{"name":"(anonymous_3)","decl":{"start":{"line":50,"column":44},"end":{"line":50,"column":45}},"loc":{"start":{"line":50,"column":57},"end":{"line":56,"column":3}}},"4":{"name":"TriangleFigureRenderer","decl":{"start":{"line":68,"column":9},"end":{"line":68,"column":32}},"loc":{"start":{"line":68,"column":72},"end":{"line":87,"column":null}}},"5":{"name":"(anonymous_5)","decl":{"start":{"line":69,"column":22},"end":{"line":69,"column":28}},"loc":{"start":{"line":69,"column":28},"end":{"line":79,"column":5}}},"6":{"name":"PolygonFigureRenderer","decl":{"start":{"line":89,"column":9},"end":{"line":89,"column":31}},"loc":{"start":{"line":89,"column":70},"end":{"line":119,"column":null}}},"7":{"name":"(anonymous_7)","decl":{"start":{"line":90,"column":22},"end":{"line":90,"column":28}},"loc":{"start":{"line":90,"column":28},"end":{"line":111,"column":5}}},"8":{"name":"(anonymous_8)","decl":{"start":{"line":93,"column":11},"end":{"line":93,"column":12}},"loc":{"start":{"line":93,"column":28},"end":{"line":96,"column":7}}},"9":{"name":"(anonymous_9)","decl":{"start":{"line":100,"column":41},"end":{"line":100,"column":42}},"loc":{"start":{"line":100,"column":60},"end":{"line":100,"column":84}}},"10":{"name":"VoxelFigureRenderer","decl":{"start":{"line":121,"column":9},"end":{"line":121,"column":29}},"loc":{"start":{"line":121,"column":89},"end":{"line":163,"column":null}}},"11":{"name":"(anonymous_11)","decl":{"start":{"line":122,"column":30},"end":{"line":122,"column":36}},"loc":{"start":{"line":122,"column":36},"end":{"line":130,"column":3}}},"12":{"name":"(anonymous_12)","decl":{"start":{"line":135,"column":34},"end":{"line":135,"column":null}},"loc":{"start":{"line":136,"column":10},"end":{"line":142,"column":null}}},"13":{"name":"(anonymous_13)","decl":{"start":{"line":147,"column":30},"end":{"line":147,"column":null}},"loc":{"start":{"line":148,"column":10},"end":{"line":158,"column":null}}},"14":{"name":"BarChartRenderer","decl":{"start":{"line":165,"column":9},"end":{"line":165,"column":26}},"loc":{"start":{"line":165,"column":70},"end":{"line":186,"column":null}}},"15":{"name":"(anonymous_15)","decl":{"start":{"line":172,"column":21},"end":{"line":172,"column":22}},"loc":{"start":{"line":173,"column":10},"end":{"line":181,"column":null}}},"16":{"name":"BoxplotRenderer","decl":{"start":{"line":188,"column":9},"end":{"line":188,"column":25}},"loc":{"start":{"line":192,"column":3},"end":{"line":312,"column":null}}},"17":{"name":"(anonymous_17)","decl":{"start":{"line":193,"column":48},"end":{"line":193,"column":53}},"loc":{"start":{"line":193,"column":53},"end":{"line":193,"column":67}}},"18":{"name":"(anonymous_18)","decl":{"start":{"line":202,"column":20},"end":{"line":202,"column":21}},"loc":{"start":{"line":202,"column":21},"end":{"line":202,"column":null}}},"19":{"name":"(anonymous_19)","decl":{"start":{"line":205,"column":24},"end":{"line":205,"column":30}},"loc":{"start":{"line":205,"column":30},"end":{"line":216,"column":null}}},"20":{"name":"(anonymous_20)","decl":{"start":{"line":215,"column":36},"end":{"line":215,"column":37}},"loc":{"start":{"line":215,"column":46},"end":{"line":215,"column":51}}},"21":{"name":"(anonymous_21)","decl":{"start":{"line":221,"column":22},"end":{"line":221,"column":23}},"loc":{"start":{"line":221,"column":68},"end":{"line":243,"column":null}}},"22":{"name":"(anonymous_22)","decl":{"start":{"line":222,"column":29},"end":{"line":222,"column":30}},"loc":{"start":{"line":222,"column":39},"end":{"line":242,"column":5}}},"23":{"name":"(anonymous_23)","decl":{"start":{"line":253,"column":21},"end":{"line":253,"column":null}},"loc":{"start":{"line":254,"column":12},"end":{"line":258,"column":null}}},"24":{"name":"(anonymous_24)","decl":{"start":{"line":265,"column":21},"end":{"line":265,"column":22}},"loc":{"start":{"line":266,"column":10},"end":{"line":291,"column":null}}},"25":{"name":"(anonymous_25)","decl":{"start":{"line":299,"column":21},"end":{"line":299,"column":null}},"loc":{"start":{"line":300,"column":12},"end":{"line":306,"column":null}}},"26":{"name":"FigureRenderer","decl":{"start":{"line":314,"column":9},"end":{"line":314,"column":24}},"loc":{"start":{"line":314,"column":60},"end":{"line":350,"column":null}}},"27":{"name":"QuestionRenderer","decl":{"start":{"line":356,"column":9},"end":{"line":356,"column":26}},"loc":{"start":{"line":364,"column":3},"end":{"line":396,"column":null}}},"28":{"name":"(anonymous_28)","decl":{"start":{"line":365,"column":27},"end":{"line":365,"column":33}},"loc":{"start":{"line":365,"column":33},"end":{"line":365,"column":67}}},"29":{"name":"(anonymous_29)","decl":{"start":{"line":407,"column":36},"end":{"line":407,"column":37}},"loc":{"start":{"line":407,"column":77},"end":{"line":443,"column":null}}},"30":{"name":"(anonymous_30)","decl":{"start":{"line":408,"column":28},"end":{"line":408,"column":34}},"loc":{"start":{"line":408,"column":34},"end":{"line":408,"column":65}}},"31":{"name":"(anonymous_31)","decl":{"start":{"line":431,"column":30},"end":{"line":431,"column":31}},"loc":{"start":{"line":432,"column":12},"end":{"line":437,"column":null}}}},"branchMap":{"0":{"loc":{"start":{"line":29,"column":2},"end":{"line":29,"column":null}},"type":"if","locations":[{"start":{"line":29,"column":2},"end":{"line":29,"column":null}},{"start":{},"end":{}}]},"1":{"loc":{"start":{"line":94,"column":23},"end":{"line":94,"column":null}},"type":"cond-expr","locations":[{"start":{"line":94,"column":44},"end":{"line":94,"column":50}},{"start":{"line":94,"column":50},"end":{"line":94,"column":null}}]},"2":{"loc":{"start":{"line":99,"column":22},"end":{"line":101,"column":null}},"type":"cond-expr","locations":[{"start":{"line":100,"column":8},"end":{"line":100,"column":null}},{"start":{"line":101,"column":8},"end":{"line":101,"column":null}}]},"3":{"loc":{"start":{"line":103,"column":24},"end":{"line":105,"column":null}},"type":"cond-expr","locations":[{"start":{"line":104,"column":8},"end":{"line":104,"column":null}},{"start":{"line":105,"column":8},"end":{"line":105,"column":null}}]},"4":{"loc":{"start":{"line":198,"column":21},"end":{"line":198,"column":null}},"type":"binary-expr","locations":[{"start":{"line":198,"column":21},"end":{"line":198,"column":32}},{"start":{"line":198,"column":32},"end":{"line":198,"column":null}}]},"5":{"loc":{"start":{"line":199,"column":21},"end":{"line":199,"column":null}},"type":"binary-expr","locations":[{"start":{"line":199,"column":21},"end":{"line":199,"column":32}},{"start":{"line":199,"column":32},"end":{"line":199,"column":null}}]},"6":{"loc":{"start":{"line":206,"column":25},"end":{"line":206,"column":null}},"type":"cond-expr","locations":[{"start":{"line":206,"column":39},"end":{"line":206,"column":43}},{"start":{"line":206,"column":43},"end":{"line":206,"column":null}}]},"7":{"loc":{"start":{"line":206,"column":43},"end":{"line":206,"column":null}},"type":"cond-expr","locations":[{"start":{"line":206,"column":57},"end":{"line":206,"column":61}},{"start":{"line":206,"column":61},"end":{"line":206,"column":null}}]},"8":{"loc":{"start":{"line":206,"column":61},"end":{"line":206,"column":null}},"type":"cond-expr","locations":[{"start":{"line":206,"column":76},"end":{"line":206,"column":81}},{"start":{"line":206,"column":81},"end":{"line":206,"column":null}}]},"9":{"loc":{"start":{"line":213,"column":4},"end":{"line":213,"column":null}},"type":"if","locations":[{"start":{"line":213,"column":4},"end":{"line":213,"column":null}},{"start":{},"end":{}}]},"10":{"loc":{"start":{"line":214,"column":4},"end":{"line":214,"column":null}},"type":"if","locations":[{"start":{"line":214,"column":4},"end":{"line":214,"column":null}},{"start":{},"end":{}}]},"11":{"loc":{"start":{"line":229,"column":6},"end":{"line":231,"column":null}},"type":"if","locations":[{"start":{"line":229,"column":6},"end":{"line":231,"column":null}},{"start":{},"end":{}}]},"12":{"loc":{"start":{"line":229,"column":10},"end":{"line":229,"column":40}},"type":"binary-expr","locations":[{"start":{"line":229,"column":10},"end":{"line":229,"column":26}},{"start":{"line":229,"column":26},"end":{"line":229,"column":40}}]},"13":{"loc":{"start":{"line":236,"column":6},"end":{"line":238,"column":null}},"type":"if","locations":[{"start":{"line":236,"column":6},"end":{"line":238,"column":null}},{"start":{},"end":{}}]},"14":{"loc":{"start":{"line":236,"column":10},"end":{"line":236,"column":40}},"type":"binary-expr","locations":[{"start":{"line":236,"column":10},"end":{"line":236,"column":26}},{"start":{"line":236,"column":26},"end":{"line":236,"column":40}}]},"15":{"loc":{"start":{"line":315,"column":2},"end":{"line":315,"column":null}},"type":"if","locations":[{"start":{"line":315,"column":2},"end":{"line":315,"column":null}},{"start":{},"end":{}}]},"16":{"loc":{"start":{"line":317,"column":2},"end":{"line":349,"column":null}},"type":"switch","locations":[{"start":{"line":318,"column":4},"end":{"line":319,"column":null}},{"start":{"line":320,"column":4},"end":{"line":321,"column":null}},{"start":{"line":322,"column":4},"end":{"line":323,"column":null}},{"start":{"line":324,"column":4},"end":{"line":325,"column":null}},{"start":{"line":326,"column":4},"end":{"line":327,"column":null}},{"start":{"line":328,"column":4},"end":{"line":333,"column":null}},{"start":{"line":335,"column":4},"end":{"line":341,"column":null}},{"start":{"line":343,"column":4},"end":{"line":347,"column":null}}]},"17":{"loc":{"start":{"line":340,"column":15},"end":{"line":340,"column":null}},"type":"binary-expr","locations":[{"start":{"line":340,"column":15},"end":{"line":340,"column":29}},{"start":{"line":340,"column":29},"end":{"line":340,"column":null}}]},"18":{"loc":{"start":{"line":359,"column":2},"end":{"line":359,"column":null}},"type":"default-arg","locations":[{"start":{"line":359,"column":15},"end":{"line":359,"column":null}}]},"19":{"loc":{"start":{"line":376,"column":7},"end":{"line":387,"column":null}},"type":"binary-expr","locations":[{"start":{"line":376,"column":7},"end":{"line":376,"column":null}},{"start":{"line":377,"column":8},"end":{"line":387,"column":null}}]},"20":{"loc":{"start":{"line":389,"column":7},"end":{"line":392,"column":null}},"type":"binary-expr","locations":[{"start":{"line":389,"column":7},"end":{"line":389,"column":21}},{"start":{"line":389,"column":21},"end":{"line":389,"column":53}},{"start":{"line":389,"column":53},"end":{"line":389,"column":null}},{"start":{"line":390,"column":8},"end":{"line":392,"column":null}}]},"21":{"loc":{"start":{"line":407,"column":45},"end":{"line":407,"column":64}},"type":"default-arg","locations":[{"start":{"line":407,"column":59},"end":{"line":407,"column":64}}]},"22":{"loc":{"start":{"line":417,"column":47},"end":{"line":417,"column":76}},"type":"cond-expr","locations":[{"start":{"line":417,"column":59},"end":{"line":417,"column":74}},{"start":{"line":417,"column":74},"end":{"line":417,"column":76}}]},"23":{"loc":{"start":{"line":422,"column":9},"end":{"line":425,"column":null}},"type":"binary-expr","locations":[{"start":{"line":422,"column":9},"end":{"line":422,"column":null}},{"start":{"line":423,"column":10},"end":{"line":425,"column":null}}]},"24":{"loc":{"start":{"line":429,"column":7},"end":{"line":439,"column":null}},"type":"binary-expr","locations":[{"start":{"line":429,"column":7},"end":{"line":429,"column":null}},{"start":{"line":430,"column":8},"end":{"line":439,"column":null}}]}},"s":{"0":0,"1":0,"2":0,"3":0,"4":0,"5":0,"6":0,"7":0,"8":0,"9":0,"10":0,"11":0,"12":0,"13":0,"14":0,"15":0,"16":0,"17":0,"18":0,"19":0,"20":0,"21":0,"22":0,"23":0,"24":0,"25":0,"26":0,"27":0,"28":0,"29":0,"30":0,"31":0,"32":0,"33":0,"34":0,"35":0,"36":0,"37":0,"38":0,"39":0,"40":0,"41":0,"42":0,"43":0,"44":0,"45":0,"46":0,"47":0,"48":0,"49":0,"50":0,"51":0,"52":0,"53":0,"54":0,"55":0,"56":0,"57":0,"58":0,"59":0,"60":0,"61":0,"62":0,"63":0,"64":0,"65":0,"66":0,"67":0,"68":0,"69":0,"70":0,"71":0,"72":0,"73":0,"74":0,"75":0,"76":0,"77":0,"78":0,"79":0,"80":0,"81":0,"82":0,"83":0,"84":0,"85":0,"86":0,"87":0,"88":0,"89":0,"90":0,"91":0,"92":0,"93":0,"94":0,"95":0,"96":0,"97":0,"98":0,"99":1,"100":0,"101":0,"102":0,"103":0,"104":0},"f":{"0":0,"1":0,"2":0,"3":0,"4":0,"5":0,"6":0,"7":0,"8":0,"9":0,"10":0,"11":0,"12":0,"13":0,"14":0,"15":0,"16":0,"17":0,"18":0,"19":0,"20":0,"21":0,"22":0,"23":0,"24":0,"25":0,"26":0,"27":0,"28":0,"29":0,"30":0,"31":0},"b":{"0":[0,0],"1":[0,0],"2":[0,0],"3":[0,0],"4":[0,0],"5":[0,0],"6":[0,0],"7":[0,0],"8":[0,0],"9":[0,0],"10":[0,0],"11":[0,0],"12":[0,0],"13":[0,0],"14":[0,0],"15":[0,0],"16":[0,0,0,0,0,0,0,0],"17":[0,0],"18":[0],"19":[0,0],"20":[0,0,0,0],"21":[0],"22":[0,0],"23":[0,0],"24":[0,0]}}
,"C:/Users/jenst/Desktop/repos/mat/src/components/GlassCard.tsx": {"path":"C:/Users/jenst/Desktop/repos/mat/src/components/GlassCard.tsx","statementMap":{"0":{"start":{"line":23,"column":19},"end":{"line":29,"column":null}},"1":{"start":{"line":31,"column":18},"end":{"line":38,"column":null}},"2":{"start":{"line":40,"column":25},"end":{"line":92,"column":null}},"3":{"start":{"line":51,"column":24},"end":{"line":51,"column":null}},"4":{"start":{"line":53,"column":2},"end":{"line":90,"column":null}},"5":{"start":{"line":94,"column":0},"end":{"line":94,"column":null}},"6":{"start":{"line":97,"column":27},"end":{"line":99,"column":null}},"7":{"start":{"line":98,"column":2},"end":{"line":98,"column":null}},"8":{"start":{"line":101,"column":31},"end":{"line":103,"column":null}},"9":{"start":{"line":102,"column":2},"end":{"line":102,"column":null}},"10":{"start":{"line":105,"column":28},"end":{"line":107,"column":null}},"11":{"start":{"line":106,"column":2},"end":{"line":106,"column":null}},"12":{"start":{"line":109,"column":0},"end":{"line":109,"column":null}},"13":{"start":{"line":110,"column":0},"end":{"line":110,"column":null}},"14":{"start":{"line":111,"column":0},"end":{"line":111,"column":null}}},"fnMap":{"0":{"name":"(anonymous_0)","decl":{"start":{"line":40,"column":68},"end":{"line":40,"column":69}},"loc":{"start":{"line":50,"column":11},"end":{"line":92,"column":1}}},"1":{"name":"(anonymous_1)","decl":{"start":{"line":97,"column":87},"end":{"line":97,"column":88}},"loc":{"start":{"line":98,"column":2},"end":{"line":98,"column":null}}},"2":{"name":"(anonymous_2)","decl":{"start":{"line":101,"column":91},"end":{"line":101,"column":92}},"loc":{"start":{"line":102,"column":2},"end":{"line":102,"column":null}}},"3":{"name":"(anonymous_3)","decl":{"start":{"line":105,"column":88},"end":{"line":105,"column":89}},"loc":{"start":{"line":106,"column":2},"end":{"line":106,"column":null}}}},"branchMap":{"0":{"loc":{"start":{"line":41,"column":2},"end":{"line":41,"column":null}},"type":"default-arg","locations":[{"start":{"line":41,"column":12},"end":{"line":41,"column":null}}]},"1":{"loc":{"start":{"line":42,"column":2},"end":{"line":42,"column":null}},"type":"default-arg","locations":[{"start":{"line":42,"column":12},"end":{"line":42,"column":null}}]},"2":{"loc":{"start":{"line":43,"column":2},"end":{"line":43,"column":null}},"type":"default-arg","locations":[{"start":{"line":43,"column":11},"end":{"line":43,"column":null}}]},"3":{"loc":{"start":{"line":44,"column":2},"end":{"line":44,"column":null}},"type":"default-arg","locations":[{"start":{"line":44,"column":9},"end":{"line":44,"column":null}}]},"4":{"loc":{"start":{"line":45,"column":2},"end":{"line":45,"column":null}},"type":"default-arg","locations":[{"start":{"line":45,"column":14},"end":{"line":45,"column":null}}]},"5":{"loc":{"start":{"line":51,"column":24},"end":{"line":51,"column":null}},"type":"binary-expr","locations":[{"start":{"line":51,"column":24},"end":{"line":51,"column":53}},{"start":{"line":51,"column":53},"end":{"line":51,"column":null}}]},"6":{"loc":{"start":{"line":70,"column":18},"end":{"line":73,"column":null}},"type":"cond-expr","locations":[{"start":{"line":70,"column":34},"end":{"line":73,"column":10}},{"start":{"line":73,"column":10},"end":{"line":73,"column":null}}]},"7":{"loc":{"start":{"line":74,"column":16},"end":{"line":77,"column":null}},"type":"cond-expr","locations":[{"start":{"line":74,"column":32},"end":{"line":77,"column":10}},{"start":{"line":77,"column":10},"end":{"line":77,"column":null}}]},"8":{"loc":{"start":{"line":84,"column":7},"end":{"line":84,"column":null}},"type":"binary-expr","locations":[{"start":{"line":84,"column":7},"end":{"line":84,"column":15}},{"start":{"line":84,"column":15},"end":{"line":84,"column":null}}]}},"s":{"0":1,"1":1,"2":1,"3":0,"4":0,"5":1,"6":1,"7":0,"8":1,"9":0,"10":1,"11":0,"12":1,"13":1,"14":1},"f":{"0":0,"1":0,"2":0,"3":0},"b":{"0":[0],"1":[0],"2":[0],"3":[0],"4":[0],"5":[0,0],"6":[0,0],"7":[0,0],"8":[0,0]}}
,"C:/Users/jenst/Desktop/repos/mat/src/components/Input.tsx": {"path":"C:/Users/jenst/Desktop/repos/mat/src/components/Input.tsx","statementMap":{"0":{"start":{"line":15,"column":21},"end":{"line":36,"column":null}},"1":{"start":{"line":23,"column":2},"end":{"line":36,"column":null}},"2":{"start":{"line":39,"column":24},"end":{"line":62,"column":null}},"3":{"start":{"line":47,"column":2},"end":{"line":62,"column":null}}},"fnMap":{"0":{"name":"(anonymous_0)","decl":{"start":{"line":15,"column":21},"end":{"line":15,"column":22}},"loc":{"start":{"line":23,"column":2},"end":{"line":36,"column":null}}},"1":{"name":"(anonymous_1)","decl":{"start":{"line":39,"column":24},"end":{"line":39,"column":25}},"loc":{"start":{"line":47,"column":2},"end":{"line":62,"column":null}}}},"branchMap":{"0":{"loc":{"start":{"line":24,"column":5},"end":{"line":29,"column":null}},"type":"cond-expr","locations":[{"start":{"line":25,"column":6},"end":{"line":28,"column":null}},{"start":{"line":29,"column":8},"end":{"line":29,"column":null}}]},"1":{"loc":{"start":{"line":27,"column":9},"end":{"line":27,"column":null}},"type":"cond-expr","locations":[{"start":{"line":27,"column":24},"end":{"line":27,"column":68}},{"start":{"line":27,"column":68},"end":{"line":27,"column":null}}]},"2":{"loc":{"start":{"line":34,"column":5},"end":{"line":34,"column":null}},"type":"cond-expr","locations":[{"start":{"line":34,"column":22},"end":{"line":34,"column":67}},{"start":{"line":34,"column":67},"end":{"line":34,"column":null}}]},"3":{"loc":{"start":{"line":34,"column":5},"end":{"line":34,"column":22}},"type":"binary-expr","locations":[{"start":{"line":34,"column":5},"end":{"line":34,"column":13}},{"start":{"line":34,"column":13},"end":{"line":34,"column":22}}]},"4":{"loc":{"start":{"line":35,"column":5},"end":{"line":35,"column":null}},"type":"cond-expr","locations":[{"start":{"line":35,"column":13},"end":{"line":35,"column":60}},{"start":{"line":35,"column":60},"end":{"line":35,"column":null}}]},"5":{"loc":{"start":{"line":48,"column":5},"end":{"line":53,"column":null}},"type":"cond-expr","locations":[{"start":{"line":49,"column":6},"end":{"line":52,"column":null}},{"start":{"line":53,"column":8},"end":{"line":53,"column":null}}]},"6":{"loc":{"start":{"line":51,"column":9},"end":{"line":51,"column":null}},"type":"cond-expr","locations":[{"start":{"line":51,"column":24},"end":{"line":51,"column":68}},{"start":{"line":51,"column":68},"end":{"line":51,"column":null}}]},"7":{"loc":{"start":{"line":60,"column":5},"end":{"line":60,"column":null}},"type":"cond-expr","locations":[{"start":{"line":60,"column":22},"end":{"line":60,"column":67}},{"start":{"line":60,"column":67},"end":{"line":60,"column":null}}]},"8":{"loc":{"start":{"line":60,"column":5},"end":{"line":60,"column":22}},"type":"binary-expr","locations":[{"start":{"line":60,"column":5},"end":{"line":60,"column":13}},{"start":{"line":60,"column":13},"end":{"line":60,"column":22}}]},"9":{"loc":{"start":{"line":61,"column":5},"end":{"line":61,"column":null}},"type":"cond-expr","locations":[{"start":{"line":61,"column":13},"end":{"line":61,"column":60}},{"start":{"line":61,"column":60},"end":{"line":61,"column":null}}]}},"s":{"0":1,"1":2,"2":1,"3":0},"f":{"0":2,"1":0},"b":{"0":[2,0],"1":[2,0],"2":[0,2],"3":[2,0],"4":[0,2],"5":[0,0],"6":[0,0],"7":[0,0],"8":[0,0],"9":[0,0]}}
,"C:/Users/jenst/Desktop/repos/mat/src/components/LatexView.tsx": {"path":"C:/Users/jenst/Desktop/repos/mat/src/components/LatexView.tsx","statementMap":{"0":{"start":{"line":10,"column":25},"end":{"line":40,"column":null}},"1":{"start":{"line":11,"column":19},"end":{"line":32,"column":null}},"2":{"start":{"line":12,"column":4},"end":{"line":12,"column":null}},"3":{"start":{"line":12,"column":16},"end":{"line":12,"column":null}},"4":{"start":{"line":13,"column":20},"end":{"line":13,"column":null}},"5":{"start":{"line":17,"column":4},"end":{"line":20,"column":null}},"6":{"start":{"line":19,"column":6},"end":{"line":19,"column":null}},"7":{"start":{"line":23,"column":4},"end":{"line":31,"column":null}},"8":{"start":{"line":24,"column":6},"end":{"line":27,"column":null}},"9":{"start":{"line":30,"column":6},"end":{"line":30,"column":null}},"10":{"start":{"line":34,"column":2},"end":{"line":38,"column":null}}},"fnMap":{"0":{"name":"(anonymous_0)","decl":{"start":{"line":10,"column":25},"end":{"line":10,"column":26}},"loc":{"start":{"line":10,"column":67},"end":{"line":40,"column":null}}},"1":{"name":"(anonymous_1)","decl":{"start":{"line":11,"column":27},"end":{"line":11,"column":33}},"loc":{"start":{"line":11,"column":33},"end":{"line":32,"column":5}}}},"branchMap":{"0":{"loc":{"start":{"line":10,"column":35},"end":{"line":10,"column":54}},"type":"default-arg","locations":[{"start":{"line":10,"column":49},"end":{"line":10,"column":54}}]},"1":{"loc":{"start":{"line":12,"column":4},"end":{"line":12,"column":null}},"type":"if","locations":[{"start":{"line":12,"column":4},"end":{"line":12,"column":null}},{"start":{},"end":{}}]},"2":{"loc":{"start":{"line":17,"column":4},"end":{"line":20,"column":null}},"type":"if","locations":[{"start":{"line":17,"column":4},"end":{"line":20,"column":null}},{"start":{},"end":{}}]}},"s":{"0":0,"1":0,"2":0,"3":0,"4":0,"5":0,"6":0,"7":0,"8":0,"9":0,"10":0},"f":{"0":0,"1":0},"b":{"0":[0],"1":[0,0],"2":[0,0]}}
,"C:/Users/jenst/Desktop/repos/mat/src/components/Layout.tsx": {"path":"C:/Users/jenst/Desktop/repos/mat/src/components/Layout.tsx","statementMap":{"0":{"start":{"line":16,"column":29},"end":{"line":22,"column":null}},"1":{"start":{"line":25,"column":32},"end":{"line":30,"column":null}},"2":{"start":{"line":25,"column":55},"end":{"line":30,"column":2}},"3":{"start":{"line":33,"column":92},"end":{"line":41,"column":null}},"4":{"start":{"line":44,"column":2},"end":{"line":44,"column":null}},"5":{"start":{"line":44,"column":37},"end":{"line":44,"column":null}},"6":{"start":{"line":45,"column":2},"end":{"line":45,"column":null}},"7":{"start":{"line":45,"column":40},"end":{"line":45,"column":null}},"8":{"start":{"line":46,"column":2},"end":{"line":46,"column":null}},"9":{"start":{"line":46,"column":33},"end":{"line":46,"column":null}},"10":{"start":{"line":47,"column":2},"end":{"line":47,"column":null}},"11":{"start":{"line":50,"column":22},"end":{"line":172,"column":null}},"12":{"start":{"line":57,"column":19},"end":{"line":57,"column":null}},"13":{"start":{"line":58,"column":19},"end":{"line":58,"column":null}},"14":{"start":{"line":59,"column":16},"end":{"line":59,"column":null}},"15":{"start":{"line":61,"column":50},"end":{"line":61,"column":null}},"16":{"start":{"line":64,"column":17},"end":{"line":64,"column":null}},"17":{"start":{"line":65,"column":17},"end":{"line":65,"column":null}},"18":{"start":{"line":68,"column":23},"end":{"line":68,"column":null}},"19":{"start":{"line":69,"column":18},"end":{"line":69,"column":null}},"20":{"start":{"line":70,"column":18},"end":{"line":70,"column":null}},"21":{"start":{"line":73,"column":16},"end":{"line":73,"column":null}},"22":{"start":{"line":74,"column":16},"end":{"line":74,"column":null}},"23":{"start":{"line":75,"column":16},"end":{"line":75,"column":null}},"24":{"start":{"line":76,"column":16},"end":{"line":76,"column":null}},"25":{"start":{"line":77,"column":16},"end":{"line":77,"column":null}},"26":{"start":{"line":78,"column":16},"end":{"line":78,"column":null}},"27":{"start":{"line":81,"column":2},"end":{"line":91,"column":null}},"28":{"start":{"line":82,"column":28},"end":{"line":87,"column":null}},"29":{"start":{"line":83,"column":16},"end":{"line":83,"column":null}},"30":{"start":{"line":84,"column":16},"end":{"line":84,"column":null}},"31":{"start":{"line":85,"column":6},"end":{"line":85,"column":null}},"32":{"start":{"line":86,"column":6},"end":{"line":86,"column":null}},"33":{"start":{"line":89,"column":4},"end":{"line":89,"column":null}},"34":{"start":{"line":90,"column":4},"end":{"line":90,"column":null}},"35":{"start":{"line":90,"column":17},"end":{"line":90,"column":null}},"36":{"start":{"line":93,"column":31},"end":{"line":95,"column":null}},"37":{"start":{"line":94,"column":4},"end":{"line":94,"column":null}},"38":{"start":{"line":94,"column":32},"end":{"line":94,"column":37}},"39":{"start":{"line":97,"column":2},"end":{"line":170,"column":null}}},"fnMap":{"0":{"name":"(anonymous_0)","decl":{"start":{"line":25,"column":46},"end":{"line":25,"column":55}},"loc":{"start":{"line":25,"column":55},"end":{"line":30,"column":2}}},"1":{"name":"getBasePath","decl":{"start":{"line":43,"column":9},"end":{"line":43,"column":21}},"loc":{"start":{"line":43,"column":47},"end":{"line":48,"column":null}}},"2":{"name":"(anonymous_2)","decl":{"start":{"line":50,"column":22},"end":{"line":50,"column":23}},"loc":{"start":{"line":56,"column":19},"end":{"line":172,"column":null}}},"3":{"name":"(anonymous_3)","decl":{"start":{"line":81,"column":12},"end":{"line":81,"column":18}},"loc":{"start":{"line":81,"column":18},"end":{"line":91,"column":5}}},"4":{"name":"(anonymous_4)","decl":{"start":{"line":82,"column":28},"end":{"line":82,"column":29}},"loc":{"start":{"line":82,"column":47},"end":{"line":87,"column":null}}},"5":{"name":"(anonymous_5)","decl":{"start":{"line":90,"column":11},"end":{"line":90,"column":17}},"loc":{"start":{"line":90,"column":17},"end":{"line":90,"column":null}}},"6":{"name":"(anonymous_6)","decl":{"start":{"line":93,"column":43},"end":{"line":93,"column":49}},"loc":{"start":{"line":93,"column":49},"end":{"line":95,"column":5}}},"7":{"name":"(anonymous_7)","decl":{"start":{"line":94,"column":24},"end":{"line":94,"column":32}},"loc":{"start":{"line":94,"column":32},"end":{"line":94,"column":37}}}},"branchMap":{"0":{"loc":{"start":{"line":44,"column":2},"end":{"line":44,"column":null}},"type":"if","locations":[{"start":{"line":44,"column":2},"end":{"line":44,"column":null}},{"start":{},"end":{}}]},"1":{"loc":{"start":{"line":45,"column":2},"end":{"line":45,"column":null}},"type":"if","locations":[{"start":{"line":45,"column":2},"end":{"line":45,"column":null}},{"start":{},"end":{}}]},"2":{"loc":{"start":{"line":46,"column":2},"end":{"line":46,"column":null}},"type":"if","locations":[{"start":{"line":46,"column":2},"end":{"line":46,"column":null}},{"start":{},"end":{}}]},"3":{"loc":{"start":{"line":52,"column":2},"end":{"line":52,"column":null}},"type":"default-arg","locations":[{"start":{"line":52,"column":19},"end":{"line":52,"column":null}}]},"4":{"loc":{"start":{"line":59,"column":16},"end":{"line":59,"column":null}},"type":"binary-expr","locations":[{"start":{"line":59,"column":16},"end":{"line":59,"column":41}},{"start":{"line":59,"column":41},"end":{"line":59,"column":null}}]},"5":{"loc":{"start":{"line":98,"column":33},"end":{"line":98,"column":80}},"type":"cond-expr","locations":[{"start":{"line":98,"column":50},"end":{"line":98,"column":78}},{"start":{"line":98,"column":78},"end":{"line":98,"column":80}}]},"6":{"loc":{"start":{"line":147,"column":7},"end":{"line":155,"column":null}},"type":"binary-expr","locations":[{"start":{"line":147,"column":7},"end":{"line":147,"column":null}},{"start":{"line":148,"column":8},"end":{"line":155,"column":null}}]},"7":{"loc":{"start":{"line":164,"column":7},"end":{"line":168,"column":null}},"type":"binary-expr","locations":[{"start":{"line":164,"column":7},"end":{"line":164,"column":null}},{"start":{"line":165,"column":8},"end":{"line":168,"column":null}}]}},"s":{"0":1,"1":1,"2":5,"3":1,"4":1,"5":0,"6":1,"7":0,"8":1,"9":0,"10":1,"11":1,"12":1,"13":1,"14":1,"15":1,"16":1,"17":1,"18":1,"19":1,"20":1,"21":1,"22":1,"23":1,"24":1,"25":1,"26":1,"27":1,"28":1,"29":0,"30":0,"31":0,"32":0,"33":1,"34":1,"35":1,"36":1,"37":0,"38":0,"39":1},"f":{"0":5,"1":1,"2":1,"3":1,"4":0,"5":1,"6":0,"7":0},"b":{"0":[0,1],"1":[0,1],"2":[0,1],"3":[0],"4":[1,0],"5":[1,0],"6":[1,1],"7":[1,1]}}
,"C:/Users/jenst/Desktop/repos/mat/src/components/ProgressRing.tsx": {"path":"C:/Users/jenst/Desktop/repos/mat/src/components/ProgressRing.tsx","statementMap":{"0":{"start":{"line":16,"column":16},"end":{"line":21,"column":null}},"1":{"start":{"line":23,"column":23},"end":{"line":28,"column":null}},"2":{"start":{"line":30,"column":17},"end":{"line":36,"column":null}},"3":{"start":{"line":38,"column":28},"end":{"line":158,"column":null}},"4":{"start":{"line":48,"column":19},"end":{"line":48,"column":null}},"5":{"start":{"line":49,"column":22},"end":{"line":49,"column":null}},"6":{"start":{"line":50,"column":8},"end":{"line":50,"column":null}},"7":{"start":{"line":51,"column":24},"end":{"line":51,"column":null}},"8":{"start":{"line":54,"column":22},"end":{"line":57,"column":null}},"9":{"start":{"line":59,"column":27},"end":{"line":63,"column":null}},"10":{"start":{"line":65,"column":2},"end":{"line":69,"column":null}},"11":{"start":{"line":66,"column":4},"end":{"line":68,"column":null}},"12":{"start":{"line":67,"column":6},"end":{"line":67,"column":null}},"13":{"start":{"line":71,"column":23},"end":{"line":71,"column":null}},"14":{"start":{"line":72,"column":22},"end":{"line":72,"column":null}},"15":{"start":{"line":74,"column":2},"end":{"line":156,"column":null}}},"fnMap":{"0":{"name":"(anonymous_0)","decl":{"start":{"line":38,"column":28},"end":{"line":38,"column":29}},"loc":{"start":{"line":47,"column":25},"end":{"line":158,"column":null}}},"1":{"name":"(anonymous_1)","decl":{"start":{"line":65,"column":12},"end":{"line":65,"column":18}},"loc":{"start":{"line":65,"column":18},"end":{"line":69,"column":5}}}},"branchMap":{"0":{"loc":{"start":{"line":40,"column":2},"end":{"line":40,"column":null}},"type":"default-arg","locations":[{"start":{"line":40,"column":9},"end":{"line":40,"column":null}}]},"1":{"loc":{"start":{"line":42,"column":2},"end":{"line":42,"column":null}},"type":"default-arg","locations":[{"start":{"line":42,"column":14},"end":{"line":42,"column":null}}]},"2":{"loc":{"start":{"line":44,"column":2},"end":{"line":44,"column":null}},"type":"default-arg","locations":[{"start":{"line":44,"column":10},"end":{"line":44,"column":null}}]},"3":{"loc":{"start":{"line":45,"column":2},"end":{"line":45,"column":null}},"type":"default-arg","locations":[{"start":{"line":45,"column":13},"end":{"line":45,"column":null}}]},"4":{"loc":{"start":{"line":49,"column":22},"end":{"line":49,"column":null}},"type":"binary-expr","locations":[{"start":{"line":49,"column":22},"end":{"line":49,"column":43}},{"start":{"line":49,"column":43},"end":{"line":49,"column":null}}]},"5":{"loc":{"start":{"line":66,"column":4},"end":{"line":68,"column":null}},"type":"if","locations":[{"start":{"line":66,"column":4},"end":{"line":68,"column":null}},{"start":{},"end":{}}]},"6":{"loc":{"start":{"line":109,"column":17},"end":{"line":115,"column":null}},"type":"cond-expr","locations":[{"start":{"line":109,"column":28},"end":{"line":112,"column":14}},{"start":{"line":112,"column":14},"end":{"line":115,"column":null}}]},"7":{"loc":{"start":{"line":129,"column":17},"end":{"line":135,"column":null}},"type":"cond-expr","locations":[{"start":{"line":129,"column":28},"end":{"line":132,"column":14}},{"start":{"line":132,"column":14},"end":{"line":135,"column":null}}]},"8":{"loc":{"start":{"line":142,"column":9},"end":{"line":153,"column":null}},"type":"binary-expr","locations":[{"start":{"line":142,"column":9},"end":{"line":142,"column":null}},{"start":{"line":143,"column":10},"end":{"line":153,"column":null}}]},"9":{"loc":{"start":{"line":144,"column":13},"end":{"line":148,"column":null}},"type":"binary-expr","locations":[{"start":{"line":144,"column":13},"end":{"line":144,"column":null}},{"start":{"line":145,"column":14},"end":{"line":148,"column":null}}]},"10":{"loc":{"start":{"line":150,"column":13},"end":{"line":151,"column":null}},"type":"binary-expr","locations":[{"start":{"line":150,"column":13},"end":{"line":150,"column":null}},{"start":{"line":151,"column":14},"end":{"line":151,"column":null}}]}},"s":{"0":1,"1":1,"2":1,"3":1,"4":0,"5":0,"6":0,"7":0,"8":0,"9":0,"10":0,"11":0,"12":0,"13":0,"14":0,"15":0},"f":{"0":0,"1":0},"b":{"0":[0],"1":[0],"2":[0],"3":[0],"4":[0,0],"5":[0,0],"6":[0,0],"7":[0,0],"8":[0,0],"9":[0,0],"10":[0,0]}}
,"C:/Users/jenst/Desktop/repos/mat/src/components/Sidebar.tsx": {"path":"C:/Users/jenst/Desktop/repos/mat/src/components/Sidebar.tsx","statementMap":{"0":{"start":{"line":23,"column":23},"end":{"line":192,"column":null}},"1":{"start":{"line":31,"column":19},"end":{"line":31,"column":null}},"2":{"start":{"line":32,"column":21},"end":{"line":32,"column":null}},"3":{"start":{"line":35,"column":23},"end":{"line":35,"column":null}},"4":{"start":{"line":35,"column":44},"end":{"line":35,"column":72}},"5":{"start":{"line":38,"column":19},"end":{"line":41,"column":null}},"6":{"start":{"line":39,"column":4},"end":{"line":39,"column":null}},"7":{"start":{"line":39,"column":22},"end":{"line":39,"column":null}},"8":{"start":{"line":40,"column":4},"end":{"line":40,"column":null}},"9":{"start":{"line":43,"column":2},"end":{"line":190,"column":null}},"10":{"start":{"line":107,"column":27},"end":{"line":107,"column":null}},"11":{"start":{"line":108,"column":12},"end":{"line":150,"column":null}}},"fnMap":{"0":{"name":"(anonymous_0)","decl":{"start":{"line":23,"column":23},"end":{"line":23,"column":24}},"loc":{"start":{"line":30,"column":20},"end":{"line":192,"column":null}}},"1":{"name":"(anonymous_1)","decl":{"start":{"line":35,"column":36},"end":{"line":35,"column":44}},"loc":{"start":{"line":35,"column":44},"end":{"line":35,"column":72}}},"2":{"name":"(anonymous_2)","decl":{"start":{"line":38,"column":19},"end":{"line":38,"column":20}},"loc":{"start":{"line":38,"column":37},"end":{"line":41,"column":null}}},"3":{"name":"(anonymous_3)","decl":{"start":{"line":106,"column":28},"end":{"line":106,"column":29}},"loc":{"start":{"line":106,"column":45},"end":{"line":152,"column":11}}}},"branchMap":{"0":{"loc":{"start":{"line":28,"column":2},"end":{"line":28,"column":null}},"type":"default-arg","locations":[{"start":{"line":28,"column":14},"end":{"line":28,"column":null}}]},"1":{"loc":{"start":{"line":35,"column":44},"end":{"line":35,"column":72}},"type":"binary-expr","locations":[{"start":{"line":35,"column":44},"end":{"line":35,"column":62}},{"start":{"line":35,"column":62},"end":{"line":35,"column":72}}]},"2":{"loc":{"start":{"line":39,"column":4},"end":{"line":39,"column":null}},"type":"if","locations":[{"start":{"line":39,"column":4},"end":{"line":39,"column":null}},{"start":{},"end":{}}]},"3":{"loc":{"start":{"line":72,"column":13},"end":{"line":82,"column":null}},"type":"binary-expr","locations":[{"start":{"line":72,"column":13},"end":{"line":72,"column":null}},{"start":{"line":73,"column":14},"end":{"line":82,"column":null}}]},"4":{"loc":{"start":{"line":87,"column":9},"end":{"line":99,"column":null}},"type":"binary-expr","locations":[{"start":{"line":87,"column":9},"end":{"line":87,"column":null}},{"start":{"line":88,"column":10},"end":{"line":99,"column":null}}]},"5":{"loc":{"start":{"line":91,"column":24},"end":{"line":91,"column":null}},"type":"cond-expr","locations":[{"start":{"line":91,"column":36},"end":{"line":91,"column":55}},{"start":{"line":91,"column":55},"end":{"line":91,"column":null}}]},"6":{"loc":{"start":{"line":94,"column":33},"end":{"line":94,"column":53}},"type":"cond-expr","locations":[{"start":{"line":94,"column":45},"end":{"line":94,"column":51}},{"start":{"line":94,"column":51},"end":{"line":94,"column":53}}]},"7":{"loc":{"start":{"line":121,"column":19},"end":{"line":130,"column":null}},"type":"binary-expr","locations":[{"start":{"line":121,"column":19},"end":{"line":121,"column":null}},{"start":{"line":122,"column":20},"end":{"line":130,"column":null}}]},"8":{"loc":{"start":{"line":134,"column":21},"end":{"line":143,"column":null}},"type":"binary-expr","locations":[{"start":{"line":134,"column":21},"end":{"line":134,"column":null}},{"start":{"line":135,"column":22},"end":{"line":143,"column":null}}]},"9":{"loc":{"start":{"line":146,"column":19},"end":{"line":147,"column":null}},"type":"binary-expr","locations":[{"start":{"line":146,"column":19},"end":{"line":146,"column":33}},{"start":{"line":146,"column":33},"end":{"line":146,"column":null}},{"start":{"line":147,"column":20},"end":{"line":147,"column":null}}]},"10":{"loc":{"start":{"line":157,"column":7},"end":{"line":188,"column":null}},"type":"binary-expr","locations":[{"start":{"line":157,"column":7},"end":{"line":157,"column":null}},{"start":{"line":158,"column":8},"end":{"line":188,"column":null}}]},"11":{"loc":{"start":{"line":164,"column":15},"end":{"line":174,"column":null}},"type":"binary-expr","locations":[{"start":{"line":164,"column":15},"end":{"line":164,"column":null}},{"start":{"line":165,"column":16},"end":{"line":174,"column":null}}]},"12":{"loc":{"start":{"line":173,"column":19},"end":{"line":173,"column":null}},"type":"binary-expr","locations":[{"start":{"line":173,"column":19},"end":{"line":173,"column":33}},{"start":{"line":173,"column":33},"end":{"line":173,"column":null}}]},"13":{"loc":{"start":{"line":178,"column":11},"end":{"line":186,"column":null}},"type":"binary-expr","locations":[{"start":{"line":178,"column":11},"end":{"line":178,"column":23}},{"start":{"line":178,"column":23},"end":{"line":178,"column":null}},{"start":{"line":179,"column":12},"end":{"line":186,"column":null}}]}},"s":{"0":1,"1":1,"2":1,"3":1,"4":5,"5":1,"6":5,"7":1,"8":4,"9":1,"10":5,"11":5},"f":{"0":1,"1":5,"2":5,"3":5},"b":{"0":[0],"1":[5,1],"2":[1,4],"3":[1,1],"4":[1,1],"5":[0,1],"6":[0,1],"7":[5,1],"8":[5,5],"9":[5,0,0],"10":[1,1],"11":[1,1],"12":[1,1],"13":[1,0,0]}}
,"C:/Users/jenst/Desktop/repos/mat/src/components/Spinner.tsx": {"path":"C:/Users/jenst/Desktop/repos/mat/src/components/Spinner.tsx","statementMap":{"0":{"start":{"line":1,"column":23},"end":{"line":6,"column":null}},"1":{"start":{"line":2,"column":2},"end":{"line":6,"column":null}}},"fnMap":{"0":{"name":"(anonymous_0)","decl":{"start":{"line":1,"column":23},"end":{"line":1,"column":null}},"loc":{"start":{"line":2,"column":2},"end":{"line":6,"column":null}}}},"branchMap":{},"s":{"0":1,"1":0},"f":{"0":0},"b":{}}
,"C:/Users/jenst/Desktop/repos/mat/src/components/TabBar.tsx": {"path":"C:/Users/jenst/Desktop/repos/mat/src/components/TabBar.tsx","statementMap":{"0":{"start":{"line":18,"column":22},"end":{"line":80,"column":null}},"1":{"start":{"line":19,"column":19},"end":{"line":19,"column":null}},"2":{"start":{"line":20,"column":21},"end":{"line":20,"column":null}},"3":{"start":{"line":23,"column":23},"end":{"line":23,"column":null}},"4":{"start":{"line":23,"column":44},"end":{"line":23,"column":72}},"5":{"start":{"line":26,"column":19},"end":{"line":29,"column":null}},"6":{"start":{"line":27,"column":4},"end":{"line":27,"column":null}},"7":{"start":{"line":27,"column":22},"end":{"line":27,"column":null}},"8":{"start":{"line":28,"column":4},"end":{"line":28,"column":null}},"9":{"start":{"line":31,"column":2},"end":{"line":78,"column":null}},"10":{"start":{"line":45,"column":27},"end":{"line":45,"column":null}},"11":{"start":{"line":46,"column":12},"end":{"line":73,"column":null}}},"fnMap":{"0":{"name":"(anonymous_0)","decl":{"start":{"line":18,"column":22},"end":{"line":18,"column":23}},"loc":{"start":{"line":18,"column":61},"end":{"line":80,"column":null}}},"1":{"name":"(anonymous_1)","decl":{"start":{"line":23,"column":36},"end":{"line":23,"column":44}},"loc":{"start":{"line":23,"column":44},"end":{"line":23,"column":72}}},"2":{"name":"(anonymous_2)","decl":{"start":{"line":26,"column":19},"end":{"line":26,"column":20}},"loc":{"start":{"line":26,"column":37},"end":{"line":29,"column":null}}},"3":{"name":"(anonymous_3)","decl":{"start":{"line":44,"column":28},"end":{"line":44,"column":29}},"loc":{"start":{"line":44,"column":38},"end":{"line":75,"column":11}}}},"branchMap":{"0":{"loc":{"start":{"line":23,"column":44},"end":{"line":23,"column":72}},"type":"binary-expr","locations":[{"start":{"line":23,"column":44},"end":{"line":23,"column":62}},{"start":{"line":23,"column":62},"end":{"line":23,"column":72}}]},"1":{"loc":{"start":{"line":27,"column":4},"end":{"line":27,"column":null}},"type":"if","locations":[{"start":{"line":27,"column":4},"end":{"line":27,"column":null}},{"start":{},"end":{}}]},"2":{"loc":{"start":{"line":54,"column":17},"end":{"line":63,"column":null}},"type":"binary-expr","locations":[{"start":{"line":54,"column":17},"end":{"line":54,"column":null}},{"start":{"line":55,"column":18},"end":{"line":63,"column":null}}]},"3":{"loc":{"start":{"line":67,"column":27},"end":{"line":67,"column":null}},"type":"cond-expr","locations":[{"start":{"line":67,"column":36},"end":{"line":67,"column":53}},{"start":{"line":67,"column":53},"end":{"line":67,"column":null}}]}},"s":{"0":1,"1":1,"2":1,"3":1,"4":5,"5":1,"6":5,"7":1,"8":4,"9":1,"10":5,"11":5},"f":{"0":1,"1":5,"2":5,"3":5},"b":{"0":[5,1],"1":[1,4],"2":[5,1],"3":[1,4]}}
,"C:/Users/jenst/Desktop/repos/mat/src/components/Tag.tsx": {"path":"C:/Users/jenst/Desktop/repos/mat/src/components/Tag.tsx","statementMap":{"0":{"start":{"line":8,"column":19},"end":{"line":10,"column":null}},"1":{"start":{"line":9,"column":2},"end":{"line":9,"column":null}}},"fnMap":{"0":{"name":"(anonymous_0)","decl":{"start":{"line":8,"column":19},"end":{"line":8,"column":20}},"loc":{"start":{"line":8,"column":56},"end":{"line":10,"column":null}}}},"branchMap":{"0":{"loc":{"start":{"line":8,"column":29},"end":{"line":8,"column":43}},"type":"default-arg","locations":[{"start":{"line":8,"column":36},"end":{"line":8,"column":43}}]}},"s":{"0":1,"1":0},"f":{"0":0},"b":{"0":[0]}}
,"C:/Users/jenst/Desktop/repos/mat/src/components/TaskCard.tsx": {"path":"C:/Users/jenst/Desktop/repos/mat/src/components/TaskCard.tsx","statementMap":{"0":{"start":{"line":17,"column":24},"end":{"line":203,"column":null}},"1":{"start":{"line":18,"column":24},"end":{"line":23,"column":null}},"2":{"start":{"line":26,"column":19},"end":{"line":26,"column":null}},"3":{"start":{"line":27,"column":25},"end":{"line":31,"column":null}},"4":{"start":{"line":32,"column":22},"end":{"line":32,"column":null}},"5":{"start":{"line":35,"column":12},"end":{"line":35,"column":null}},"6":{"start":{"line":36,"column":12},"end":{"line":36,"column":null}},"7":{"start":{"line":38,"column":23},"end":{"line":38,"column":null}},"8":{"start":{"line":39,"column":23},"end":{"line":39,"column":null}},"9":{"start":{"line":41,"column":18},"end":{"line":41,"column":null}},"10":{"start":{"line":42,"column":18},"end":{"line":42,"column":null}},"11":{"start":{"line":44,"column":16},"end":{"line":44,"column":null}},"12":{"start":{"line":45,"column":16},"end":{"line":45,"column":null}},"13":{"start":{"line":47,"column":26},"end":{"line":58,"column":null}},"14":{"start":{"line":48,"column":4},"end":{"line":48,"column":null}},"15":{"start":{"line":48,"column":18},"end":{"line":48,"column":null}},"16":{"start":{"line":49,"column":17},"end":{"line":49,"column":null}},"17":{"start":{"line":50,"column":18},"end":{"line":50,"column":null}},"18":{"start":{"line":51,"column":19},"end":{"line":51,"column":null}},"19":{"start":{"line":52,"column":19},"end":{"line":52,"column":null}},"20":{"start":{"line":53,"column":19},"end":{"line":53,"column":null}},"21":{"start":{"line":54,"column":17},"end":{"line":54,"column":null}},"22":{"start":{"line":55,"column":17},"end":{"line":55,"column":null}},"23":{"start":{"line":56,"column":4},"end":{"line":56,"column":null}},"24":{"start":{"line":57,"column":4},"end":{"line":57,"column":null}},"25":{"start":{"line":60,"column":27},"end":{"line":63,"column":null}},"26":{"start":{"line":61,"column":4},"end":{"line":61,"column":null}},"27":{"start":{"line":62,"column":4},"end":{"line":62,"column":null}},"28":{"start":{"line":66,"column":26},"end":{"line":68,"column":null}},"29":{"start":{"line":70,"column":2},"end":{"line":201,"column":null}},"30":{"start":{"line":105,"column":24},"end":{"line":105,"column":null}},"31":{"start":{"line":183,"column":12},"end":{"line":185,"column":null}}},"fnMap":{"0":{"name":"(anonymous_0)","decl":{"start":{"line":17,"column":24},"end":{"line":17,"column":25}},"loc":{"start":{"line":17,"column":97},"end":{"line":203,"column":null}}},"1":{"name":"(anonymous_1)","decl":{"start":{"line":47,"column":26},"end":{"line":47,"column":27}},"loc":{"start":{"line":47,"column":68},"end":{"line":58,"column":null}}},"2":{"name":"(anonymous_2)","decl":{"start":{"line":60,"column":27},"end":{"line":60,"column":33}},"loc":{"start":{"line":60,"column":33},"end":{"line":63,"column":null}}},"3":{"name":"(anonymous_3)","decl":{"start":{"line":105,"column":12},"end":{"line":105,"column":13}},"loc":{"start":{"line":105,"column":24},"end":{"line":105,"column":null}}},"4":{"name":"(anonymous_4)","decl":{"start":{"line":182,"column":25},"end":{"line":182,"column":26}},"loc":{"start":{"line":183,"column":12},"end":{"line":185,"column":null}}}},"branchMap":{"0":{"loc":{"start":{"line":18,"column":24},"end":{"line":23,"column":null}},"type":"cond-expr","locations":[{"start":{"line":19,"column":6},"end":{"line":22,"column":null}},{"start":{"line":23,"column":6},"end":{"line":23,"column":null}}]},"1":{"loc":{"start":{"line":26,"column":39},"end":{"line":26,"column":54}},"type":"binary-expr","locations":[{"start":{"line":26,"column":39},"end":{"line":26,"column":52}},{"start":{"line":26,"column":52},"end":{"line":26,"column":54}}]},"2":{"loc":{"start":{"line":32,"column":22},"end":{"line":32,"column":null}},"type":"binary-expr","locations":[{"start":{"line":32,"column":22},"end":{"line":32,"column":50}},{"start":{"line":32,"column":50},"end":{"line":32,"column":null}}]},"3":{"loc":{"start":{"line":48,"column":4},"end":{"line":48,"column":null}},"type":"if","locations":[{"start":{"line":48,"column":4},"end":{"line":48,"column":null}},{"start":{},"end":{}}]},"4":{"loc":{"start":{"line":66,"column":26},"end":{"line":68,"column":null}},"type":"cond-expr","locations":[{"start":{"line":67,"column":6},"end":{"line":67,"column":null}},{"start":{"line":68,"column":6},"end":{"line":68,"column":null}}]},"5":{"loc":{"start":{"line":84,"column":18},"end":{"line":87,"column":null}},"type":"cond-expr","locations":[{"start":{"line":84,"column":28},"end":{"line":87,"column":10}},{"start":{"line":87,"column":10},"end":{"line":87,"column":null}}]},"6":{"loc":{"start":{"line":88,"column":16},"end":{"line":91,"column":null}},"type":"cond-expr","locations":[{"start":{"line":88,"column":26},"end":{"line":91,"column":10}},{"start":{"line":91,"column":10},"end":{"line":91,"column":null}}]},"7":{"loc":{"start":{"line":114,"column":19},"end":{"line":114,"column":null}},"type":"cond-expr","locations":[{"start":{"line":114,"column":29},"end":{"line":114,"column":39}},{"start":{"line":114,"column":39},"end":{"line":114,"column":null}}]},"8":{"loc":{"start":{"line":115,"column":19},"end":{"line":115,"column":null}},"type":"cond-expr","locations":[{"start":{"line":115,"column":29},"end":{"line":115,"column":39}},{"start":{"line":115,"column":39},"end":{"line":115,"column":null}}]},"9":{"loc":{"start":{"line":135,"column":15},"end":{"line":135,"column":null}},"type":"binary-expr","locations":[{"start":{"line":135,"column":15},"end":{"line":135,"column":32}},{"start":{"line":135,"column":32},"end":{"line":135,"column":null}}]},"10":{"loc":{"start":{"line":141,"column":13},"end":{"line":172,"column":null}},"type":"cond-expr","locations":[{"start":{"line":142,"column":14},"end":{"line":144,"column":null}},{"start":{"line":145,"column":16},"end":{"line":172,"column":null}}]},"11":{"loc":{"start":{"line":145,"column":16},"end":{"line":172,"column":null}},"type":"cond-expr","locations":[{"start":{"line":146,"column":14},"end":{"line":170,"column":null}},{"start":{"line":172,"column":14},"end":{"line":172,"column":null}}]},"12":{"loc":{"start":{"line":190,"column":9},"end":{"line":198,"column":null}},"type":"binary-expr","locations":[{"start":{"line":190,"column":9},"end":{"line":190,"column":null}},{"start":{"line":191,"column":10},"end":{"line":198,"column":null}}]}},"s":{"0":1,"1":0,"2":0,"3":0,"4":0,"5":0,"6":0,"7":0,"8":0,"9":0,"10":0,"11":0,"12":0,"13":0,"14":0,"15":0,"16":0,"17":0,"18":0,"19":0,"20":0,"21":0,"22":0,"23":0,"24":0,"25":0,"26":0,"27":0,"28":0,"29":0,"30":0,"31":0},"f":{"0":0,"1":0,"2":0,"3":0,"4":0},"b":{"0":[0,0],"1":[0,0],"2":[0,0],"3":[0,0],"4":[0,0],"5":[0,0],"6":[0,0],"7":[0,0],"8":[0,0],"9":[0,0],"10":[0,0],"11":[0,0],"12":[0,0]}}
,"C:/Users/jenst/Desktop/repos/mat/src/components/TaskContent.tsx": {"path":"C:/Users/jenst/Desktop/repos/mat/src/components/TaskContent.tsx","statementMap":{"0":{"start":{"line":19,"column":16},"end":{"line":19,"column":null}},"1":{"start":{"line":20,"column":47},"end":{"line":20,"column":null}},"2":{"start":{"line":23,"column":2},"end":{"line":33,"column":null}},"3":{"start":{"line":24,"column":20},"end":{"line":24,"column":null}},"4":{"start":{"line":25,"column":22},"end":{"line":25,"column":null}},"5":{"start":{"line":26,"column":4},"end":{"line":28,"column":null}},"6":{"start":{"line":27,"column":6},"end":{"line":27,"column":null}},"7":{"start":{"line":29,"column":22},"end":{"line":29,"column":null}},"8":{"start":{"line":30,"column":4},"end":{"line":32,"column":null}},"9":{"start":{"line":31,"column":6},"end":{"line":31,"column":null}},"10":{"start":{"line":35,"column":2},"end":{"line":35,"column":null}},"11":{"start":{"line":42,"column":17},"end":{"line":42,"column":null}},"12":{"start":{"line":42,"column":31},"end":{"line":42,"column":58}},"13":{"start":{"line":45,"column":21},"end":{"line":53,"column":null}},"14":{"start":{"line":46,"column":43},"end":{"line":46,"column":null}},"15":{"start":{"line":47,"column":4},"end":{"line":52,"column":null}},"16":{"start":{"line":55,"column":2},"end":{"line":86,"column":null}},"17":{"start":{"line":60,"column":10},"end":{"line":66,"column":null}},"18":{"start":{"line":73,"column":10},"end":{"line":83,"column":null}},"19":{"start":{"line":94,"column":14},"end":{"line":106,"column":null}},"20":{"start":{"line":95,"column":4},"end":{"line":99,"column":null}},"21":{"start":{"line":96,"column":21},"end":{"line":96,"column":null}},"22":{"start":{"line":97,"column":19},"end":{"line":97,"column":null}},"23":{"start":{"line":98,"column":6},"end":{"line":98,"column":null}},"24":{"start":{"line":100,"column":4},"end":{"line":104,"column":null}},"25":{"start":{"line":101,"column":21},"end":{"line":101,"column":null}},"26":{"start":{"line":102,"column":19},"end":{"line":102,"column":null}},"27":{"start":{"line":103,"column":6},"end":{"line":103,"column":null}},"28":{"start":{"line":105,"column":4},"end":{"line":105,"column":null}},"29":{"start":{"line":108,"column":2},"end":{"line":136,"column":null}},"30":{"start":{"line":110,"column":6},"end":{"line":114,"column":null}},"31":{"start":{"line":117,"column":6},"end":{"line":122,"column":null}},"32":{"start":{"line":126,"column":6},"end":{"line":130,"column":null}},"33":{"start":{"line":133,"column":6},"end":{"line":133,"column":null}},"34":{"start":{"line":135,"column":6},"end":{"line":135,"column":null}},"35":{"start":{"line":153,"column":27},"end":{"line":266,"column":null}},"36":{"start":{"line":161,"column":29},"end":{"line":164,"column":null}},"37":{"start":{"line":162,"column":10},"end":{"line":162,"column":null}},"38":{"start":{"line":168,"column":30},"end":{"line":168,"column":null}},"39":{"start":{"line":169,"column":23},"end":{"line":169,"column":null}},"40":{"start":{"line":173,"column":2},"end":{"line":182,"column":null}},"41":{"start":{"line":174,"column":4},"end":{"line":174,"column":null}},"42":{"start":{"line":175,"column":22},"end":{"line":175,"column":null}},"43":{"start":{"line":176,"column":4},"end":{"line":180,"column":null}},"44":{"start":{"line":177,"column":6},"end":{"line":179,"column":null}},"45":{"start":{"line":178,"column":8},"end":{"line":178,"column":null}},"46":{"start":{"line":181,"column":4},"end":{"line":181,"column":null}},"47":{"start":{"line":185,"column":24},"end":{"line":187,"column":null}},"48":{"start":{"line":186,"column":4},"end":{"line":186,"column":null}},"49":{"start":{"line":189,"column":2},"end":{"line":264,"column":null}},"50":{"start":{"line":217,"column":27},"end":{"line":217,"column":null}},"51":{"start":{"line":218,"column":26},"end":{"line":218,"column":null}},"52":{"start":{"line":220,"column":34},"end":{"line":222,"column":null}},"53":{"start":{"line":224,"column":12},"end":{"line":259,"column":null}},"54":{"start":{"line":254,"column":37},"end":{"line":254,"column":null}},"55":{"start":{"line":255,"column":34},"end":{"line":255,"column":null}}},"fnMap":{"0":{"name":"parseVoxelConfig","decl":{"start":{"line":18,"column":9},"end":{"line":18,"column":26}},"loc":{"start":{"line":18,"column":102},"end":{"line":36,"column":null}}},"1":{"name":"VoxelFigureRenderer","decl":{"start":{"line":41,"column":9},"end":{"line":41,"column":29}},"loc":{"start":{"line":41,"column":63},"end":{"line":88,"column":null}}},"2":{"name":"(anonymous_2)","decl":{"start":{"line":42,"column":25},"end":{"line":42,"column":31}},"loc":{"start":{"line":42,"column":31},"end":{"line":42,"column":58}}},"3":{"name":"(anonymous_3)","decl":{"start":{"line":45,"column":30},"end":{"line":45,"column":36}},"loc":{"start":{"line":45,"column":36},"end":{"line":53,"column":3}}},"4":{"name":"(anonymous_4)","decl":{"start":{"line":59,"column":34},"end":{"line":59,"column":null}},"loc":{"start":{"line":60,"column":10},"end":{"line":66,"column":null}}},"5":{"name":"(anonymous_5)","decl":{"start":{"line":72,"column":30},"end":{"line":72,"column":null}},"loc":{"start":{"line":73,"column":10},"end":{"line":83,"column":null}}},"6":{"name":"FigureRenderer","decl":{"start":{"line":93,"column":9},"end":{"line":93,"column":24}},"loc":{"start":{"line":93,"column":62},"end":{"line":137,"column":null}}},"7":{"name":"(anonymous_7)","decl":{"start":{"line":94,"column":22},"end":{"line":94,"column":28}},"loc":{"start":{"line":94,"column":28},"end":{"line":106,"column":5}}},"8":{"name":"(anonymous_8)","decl":{"start":{"line":153,"column":27},"end":{"line":153,"column":28}},"loc":{"start":{"line":160,"column":13},"end":{"line":266,"column":null}}},"9":{"name":"(anonymous_9)","decl":{"start":{"line":162,"column":4},"end":{"line":162,"column":10}},"loc":{"start":{"line":162,"column":10},"end":{"line":162,"column":null}}},"10":{"name":"(anonymous_10)","decl":{"start":{"line":176,"column":25},"end":{"line":176,"column":26}},"loc":{"start":{"line":176,"column":41},"end":{"line":180,"column":5}}},"11":{"name":"(anonymous_11)","decl":{"start":{"line":185,"column":24},"end":{"line":185,"column":25}},"loc":{"start":{"line":185,"column":60},"end":{"line":187,"column":null}}},"12":{"name":"(anonymous_12)","decl":{"start":{"line":216,"column":32},"end":{"line":216,"column":33}},"loc":{"start":{"line":216,"column":46},"end":{"line":261,"column":11}}},"13":{"name":"(anonymous_13)","decl":{"start":{"line":254,"column":30},"end":{"line":254,"column":31}},"loc":{"start":{"line":254,"column":37},"end":{"line":254,"column":null}}},"14":{"name":"(anonymous_14)","decl":{"start":{"line":255,"column":28},"end":{"line":255,"column":34}},"loc":{"start":{"line":255,"column":34},"end":{"line":255,"column":null}}}},"branchMap":{"0":{"loc":{"start":{"line":26,"column":4},"end":{"line":28,"column":null}},"type":"if","locations":[{"start":{"line":26,"column":4},"end":{"line":28,"column":null}},{"start":{},"end":{}}]},"1":{"loc":{"start":{"line":30,"column":4},"end":{"line":32,"column":null}},"type":"if","locations":[{"start":{"line":30,"column":4},"end":{"line":32,"column":null}},{"start":{},"end":{}}]},"2":{"loc":{"start":{"line":95,"column":4},"end":{"line":99,"column":null}},"type":"if","locations":[{"start":{"line":95,"column":4},"end":{"line":99,"column":null}},{"start":{},"end":{}}]},"3":{"loc":{"start":{"line":100,"column":4},"end":{"line":104,"column":null}},"type":"if","locations":[{"start":{"line":100,"column":4},"end":{"line":104,"column":null}},{"start":{},"end":{}}]},"4":{"loc":{"start":{"line":108,"column":2},"end":{"line":136,"column":null}},"type":"switch","locations":[{"start":{"line":109,"column":4},"end":{"line":114,"column":null}},{"start":{"line":116,"column":4},"end":{"line":122,"column":null}},{"start":{"line":124,"column":4},"end":{"line":124,"column":null}},{"start":{"line":125,"column":4},"end":{"line":130,"column":null}},{"start":{"line":132,"column":4},"end":{"line":133,"column":null}},{"start":{"line":134,"column":4},"end":{"line":135,"column":null}}]},"5":{"loc":{"start":{"line":121,"column":15},"end":{"line":121,"column":null}},"type":"binary-expr","locations":[{"start":{"line":121,"column":15},"end":{"line":121,"column":29}},{"start":{"line":121,"column":29},"end":{"line":121,"column":null}}]},"6":{"loc":{"start":{"line":129,"column":45},"end":{"line":129,"column":55}},"type":"binary-expr","locations":[{"start":{"line":129,"column":45},"end":{"line":129,"column":52}},{"start":{"line":129,"column":52},"end":{"line":129,"column":55}}]},"7":{"loc":{"start":{"line":156,"column":2},"end":{"line":156,"column":null}},"type":"default-arg","locations":[{"start":{"line":156,"column":17},"end":{"line":156,"column":null}}]},"8":{"loc":{"start":{"line":159,"column":2},"end":{"line":159,"column":null}},"type":"default-arg","locations":[{"start":{"line":159,"column":13},"end":{"line":159,"column":null}}]},"9":{"loc":{"start":{"line":173,"column":2},"end":{"line":182,"column":null}},"type":"if","locations":[{"start":{"line":173,"column":2},"end":{"line":182,"column":null}},{"start":{},"end":{}}]},"10":{"loc":{"start":{"line":177,"column":6},"end":{"line":179,"column":null}},"type":"if","locations":[{"start":{"line":177,"column":6},"end":{"line":179,"column":null}},{"start":{},"end":{}}]},"11":{"loc":{"start":{"line":177,"column":10},"end":{"line":177,"column":57}},"type":"binary-expr","locations":[{"start":{"line":177,"column":10},"end":{"line":177,"column":29}},{"start":{"line":177,"column":29},"end":{"line":177,"column":57}}]},"12":{"loc":{"start":{"line":191,"column":7},"end":{"line":195,"column":null}},"type":"binary-expr","locations":[{"start":{"line":191,"column":7},"end":{"line":191,"column":null}},{"start":{"line":192,"column":8},"end":{"line":195,"column":null}}]},"13":{"loc":{"start":{"line":195,"column":8},"end":{"line":211,"column":null}},"type":"binary-expr","locations":[{"start":{"line":198,"column":8},"end":{"line":198,"column":28}},{"start":{"line":198,"column":28},"end":{"line":198,"column":null}},{"start":{"line":199,"column":8},"end":{"line":211,"column":null}}]},"14":{"loc":{"start":{"line":199,"column":49},"end":{"line":199,"column":82}},"type":"cond-expr","locations":[{"start":{"line":199,"column":65},"end":{"line":199,"column":80}},{"start":{"line":199,"column":80},"end":{"line":199,"column":82}}]},"15":{"loc":{"start":{"line":200,"column":11},"end":{"line":204,"column":null}},"type":"binary-expr","locations":[{"start":{"line":200,"column":11},"end":{"line":200,"column":null}},{"start":{"line":201,"column":12},"end":{"line":204,"column":null}}]},"16":{"loc":{"start":{"line":206,"column":11},"end":{"line":209,"column":null}},"type":"binary-expr","locations":[{"start":{"line":206,"column":11},"end":{"line":206,"column":null}},{"start":{"line":207,"column":12},"end":{"line":209,"column":null}}]},"17":{"loc":{"start":{"line":214,"column":7},"end":{"line":262,"column":null}},"type":"binary-expr","locations":[{"start":{"line":214,"column":7},"end":{"line":214,"column":null}},{"start":{"line":215,"column":8},"end":{"line":262,"column":null}}]},"18":{"loc":{"start":{"line":217,"column":27},"end":{"line":217,"column":null}},"type":"binary-expr","locations":[{"start":{"line":217,"column":27},"end":{"line":217,"column":54}},{"start":{"line":217,"column":54},"end":{"line":217,"column":null}}]},"19":{"loc":{"start":{"line":220,"column":34},"end":{"line":222,"column":null}},"type":"cond-expr","locations":[{"start":{"line":221,"column":16},"end":{"line":221,"column":null}},{"start":{"line":222,"column":16},"end":{"line":222,"column":null}}]},"20":{"loc":{"start":{"line":220,"column":34},"end":{"line":220,"column":null}},"type":"binary-expr","locations":[{"start":{"line":220,"column":34},"end":{"line":220,"column":54}},{"start":{"line":220,"column":54},"end":{"line":220,"column":null}}]},"21":{"loc":{"start":{"line":235,"column":76},"end":{"line":235,"column":165}},"type":"cond-expr","locations":[{"start":{"line":235,"column":138},"end":{"line":235,"column":163}},{"start":{"line":235,"column":163},"end":{"line":235,"column":165}}]},"22":{"loc":{"start":{"line":235,"column":76},"end":{"line":235,"column":138}},"type":"binary-expr","locations":[{"start":{"line":235,"column":76},"end":{"line":235,"column":106}},{"start":{"line":235,"column":106},"end":{"line":235,"column":138}}]},"23":{"loc":{"start":{"line":236,"column":19},"end":{"line":247,"column":null}},"type":"binary-expr","locations":[{"start":{"line":236,"column":19},"end":{"line":236,"column":null}},{"start":{"line":237,"column":20},"end":{"line":247,"column":null}}]},"24":{"loc":{"start":{"line":238,"column":23},"end":{"line":245,"column":null}},"type":"cond-expr","locations":[{"start":{"line":239,"column":24},"end":{"line":241,"column":null}},{"start":{"line":243,"column":24},"end":{"line":245,"column":null}}]}},"s":{"0":0,"1":0,"2":0,"3":0,"4":0,"5":0,"6":0,"7":0,"8":0,"9":0,"10":0,"11":0,"12":0,"13":0,"14":0,"15":0,"16":0,"17":0,"18":0,"19":0,"20":0,"21":0,"22":0,"23":0,"24":0,"25":0,"26":0,"27":0,"28":0,"29":0,"30":0,"31":0,"32":0,"33":0,"34":0,"35":1,"36":0,"37":0,"38":0,"39":0,"40":0,"41":0,"42":0,"43":0,"44":0,"45":0,"46":0,"47":0,"48":0,"49":0,"50":0,"51":0,"52":0,"53":0,"54":0,"55":0},"f":{"0":0,"1":0,"2":0,"3":0,"4":0,"5":0,"6":0,"7":0,"8":0,"9":0,"10":0,"11":0,"12":0,"13":0,"14":0},"b":{"0":[0,0],"1":[0,0],"2":[0,0],"3":[0,0],"4":[0,0,0,0,0,0],"5":[0,0],"6":[0,0],"7":[0],"8":[0],"9":[0,0],"10":[0,0],"11":[0,0],"12":[0,0],"13":[0,0,0],"14":[0,0],"15":[0,0],"16":[0,0],"17":[0,0],"18":[0,0],"19":[0,0],"20":[0,0],"21":[0,0],"22":[0,0],"23":[0,0],"24":[0,0]}}
,"C:/Users/jenst/Desktop/repos/mat/src/components/TaskDetailOverlay.tsx": {"path":"C:/Users/jenst/Desktop/repos/mat/src/components/TaskDetailOverlay.tsx","statementMap":{"0":{"start":{"line":19,"column":2},"end":{"line":19,"column":null}},"1":{"start":{"line":19,"column":44},"end":{"line":19,"column":null}},"2":{"start":{"line":21,"column":20},"end":{"line":22,"column":null}},"3":{"start":{"line":22,"column":4},"end":{"line":22,"column":null}},"4":{"start":{"line":24,"column":25},"end":{"line":24,"column":null}},"5":{"start":{"line":25,"column":28},"end":{"line":25,"column":null}},"6":{"start":{"line":27,"column":2},"end":{"line":27,"column":null}},"7":{"start":{"line":35,"column":33},"end":{"line":286,"column":null}},"8":{"start":{"line":36,"column":35},"end":{"line":36,"column":null}},"9":{"start":{"line":37,"column":36},"end":{"line":37,"column":null}},"10":{"start":{"line":38,"column":36},"end":{"line":38,"column":null}},"11":{"start":{"line":40,"column":16},"end":{"line":40,"column":null}},"12":{"start":{"line":41,"column":21},"end":{"line":41,"column":null}},"13":{"start":{"line":42,"column":27},"end":{"line":42,"column":null}},"14":{"start":{"line":45,"column":21},"end":{"line":48,"column":null}},"15":{"start":{"line":46,"column":10},"end":{"line":46,"column":null}},"16":{"start":{"line":51,"column":2},"end":{"line":57,"column":null}},"17":{"start":{"line":52,"column":4},"end":{"line":52,"column":null}},"18":{"start":{"line":52,"column":40},"end":{"line":52,"column":null}},"19":{"start":{"line":54,"column":4},"end":{"line":56,"column":null}},"20":{"start":{"line":55,"column":6},"end":{"line":55,"column":null}},"21":{"start":{"line":60,"column":2},"end":{"line":68,"column":null}},"22":{"start":{"line":61,"column":26},"end":{"line":65,"column":null}},"23":{"start":{"line":62,"column":6},"end":{"line":64,"column":null}},"24":{"start":{"line":63,"column":8},"end":{"line":63,"column":null}},"25":{"start":{"line":66,"column":4},"end":{"line":66,"column":null}},"26":{"start":{"line":67,"column":4},"end":{"line":67,"column":null}},"27":{"start":{"line":67,"column":17},"end":{"line":67,"column":null}},"28":{"start":{"line":71,"column":2},"end":{"line":76,"column":null}},"29":{"start":{"line":72,"column":4},"end":{"line":72,"column":null}},"30":{"start":{"line":73,"column":4},"end":{"line":75,"column":null}},"31":{"start":{"line":74,"column":6},"end":{"line":74,"column":null}},"32":{"start":{"line":79,"column":27},"end":{"line":84,"column":null}},"33":{"start":{"line":81,"column":6},"end":{"line":81,"column":null}},"34":{"start":{"line":87,"column":29},"end":{"line":104,"column":null}},"35":{"start":{"line":89,"column":6},"end":{"line":89,"column":null}},"36":{"start":{"line":89,"column":42},"end":{"line":89,"column":null}},"37":{"start":{"line":91,"column":6},"end":{"line":101,"column":null}},"38":{"start":{"line":100,"column":8},"end":{"line":100,"column":null}},"39":{"start":{"line":107,"column":27},"end":{"line":131,"column":
[...]
":"cond-expr","locations":[{"start":{"line":732,"column":29},"end":{"line":732,"column":37}},{"start":{"line":732,"column":37},"end":{"line":732,"column":null}}]},"22":{"loc":{"start":{"line":735,"column":27},"end":{"line":735,"column":null}},"type":"cond-expr","locations":[{"start":{"line":735,"column":38},"end":{"line":735,"column":47}},{"start":{"line":735,"column":47},"end":{"line":735,"column":null}}]},"23":{"loc":{"start":{"line":736,"column":19},"end":{"line":736,"column":null}},"type":"cond-expr","locations":[{"start":{"line":736,"column":30},"end":{"line":736,"column":36}},{"start":{"line":736,"column":36},"end":{"line":736,"column":null}}]},"24":{"loc":{"start":{"line":740,"column":9},"end":{"line":743,"column":null}},"type":"binary-expr","locations":[{"start":{"line":740,"column":9},"end":{"line":740,"column":null}},{"start":{"line":741,"column":10},"end":{"line":743,"column":null}}]},"25":{"loc":{"start":{"line":771,"column":8},"end":{"line":792,"column":null}},"type":"binary-expr","locations":[{"start":{"line":774,"column":10},"end":{"line":774,"column":41}},{"start":{"line":774,"column":41},"end":{"line":774,"column":null}},{"start":{"line":775,"column":10},"end":{"line":792,"column":null}}]},"26":{"loc":{"start":{"line":798,"column":16},"end":{"line":798,"column":null}},"type":"cond-expr","locations":[{"start":{"line":798,"column":44},"end":{"line":798,"column":56}},{"start":{"line":798,"column":56},"end":{"line":798,"column":null}}]},"27":{"loc":{"start":{"line":799,"column":18},"end":{"line":799,"column":null}},"type":"cond-expr","locations":[{"start":{"line":799,"column":46},"end":{"line":799,"column":58}},{"start":{"line":799,"column":58},"end":{"line":799,"column":null}}]},"28":{"loc":{"start":{"line":800,"column":23},"end":{"line":800,"column":null}},"type":"cond-expr","locations":[{"start":{"line":800,"column":53},"end":{"line":800,"column":57}},{"start":{"line":800,"column":57},"end":{"line":800,"column":null}}]},"29":{"loc":{"start":{"line":803,"column":20},"end":{"line":803,"column":null}},"type":"cond-expr","locations":[{"start":{"line":803,"column":48},"end":{"line":803,"column":84}},{"start":{"line":803,"column":84},"end":{"line":803,"column":null}}]},"30":{"loc":{"start":{"line":808,"column":9},"end":{"line":818,"column":null}},"type":"binary-expr","locations":[{"start":{"line":808,"column":9},"end":{"line":808,"column":38}},{"start":{"line":808,"column":38},"end":{"line":808,"column":64}},{"start":{"line":808,"column":64},"end":{"line":808,"column":null}},{"start":{"line":809,"column":10},"end":{"line":818,"column":null}}]},"31":{"loc":{"start":{"line":829,"column":20},"end":{"line":829,"column":null}},"type":"cond-expr","locations":[{"start":{"line":829,"column":48},"end":{"line":829,"column":81}},{"start":{"line":829,"column":81},"end":{"line":829,"column":null}}]},"32":{"loc":{"start":{"line":836,"column":9},"end":{"line":845,"column":null}},"type":"binary-expr","locations":[{"start":{"line":836,"column":9},"end":{"line":836,"column":null}},{"start":{"line":837,"column":10},"end":{"line":845,"column":null}}]},"33":{"loc":{"start":{"line":849,"column":9},"end":{"line":860,"column":null}},"type":"binary-expr","locations":[{"start":{"line":849,"column":9},"end":{"line":849,"column":null}},{"start":{"line":850,"column":10},"end":{"line":860,"column":null}}]},"34":{"loc":{"start":{"line":867,"column":16},"end":{"line":867,"column":null}},"type":"cond-expr","locations":[{"start":{"line":867,"column":44},"end":{"line":867,"column":56}},{"start":{"line":867,"column":56},"end":{"line":867,"column":null}}]},"35":{"loc":{"start":{"line":872,"column":11},"end":{"line":872,"column":null}},"type":"cond-expr","locations":[{"start":{"line":872,"column":36},"end":{"line":872,"column":74}},{"start":{"line":872,"column":74},"end":{"line":872,"column":null}}]},"36":{"loc":{"start":{"line":1019,"column":21},"end":{"line":1029,"column":null}},"type":"binary-expr","locations":[{"start":{"line":1019,"column":21},"end":{"line":1019,"column":null}},{"start":{"line":1020,"column":22},"end":{"line":1029,"column":null}}]},"37":{"loc":{"start":{"line":1076,"column":9},"end":{"line":1250,"column":null}},"type":"binary-expr","locations":[{"start":{"line":1076,"column":9},"end":{"line":1076,"column":null}},{"start":{"line":1077,"column":10},"end":{"line":1250,"column":null}}]},"38":{"loc":{"start":{"line":1111,"column":17},"end":{"line":1112,"column":null}},"type":"binary-expr","locations":[{"start":{"line":1111,"column":17},"end":{"line":1111,"column":null}},{"start":{"line":1112,"column":18},"end":{"line":1112,"column":null}}]},"39":{"loc":{"start":{"line":1117,"column":19},"end":{"line":1117,"column":null}},"type":"binary-expr","locations":[{"start":{"line":1117,"column":19},"end":{"line":1117,"column":55}},{"start":{"line":1117,"column":55},"end":{"line":1117,"column":null}}]},"40":{"loc":{"start":{"line":1118,"column":19},"end":{"line":1118,"column":null}},"type":"binary-expr","locations":[{"start":{"line":1118,"column":19},"end":{"line":1118,"column":60}},{"start":{"line":1118,"column":60},"end":{"line":1118,"column":null}}]},"41":{"loc":{"start":{"line":1119,"column":19},"end":{"line":1119,"column":null}},"type":"binary-expr","locations":[{"start":{"line":1119,"column":19},"end":{"line":1119,"column":61}},{"start":{"line":1119,"column":61},"end":{"line":1119,"column":null}}]},"42":{"loc":{"start":{"line":1129,"column":13},"end":{"line":1144,"column":null}},"type":"binary-expr","locations":[{"start":{"line":1129,"column":13},"end":{"line":1129,"column":null}},{"start":{"line":1130,"column":14},"end":{"line":1144,"column":null}}]},"43":{"loc":{"start":{"line":1148,"column":13},"end":{"line":1200,"column":null}},"type":"binary-expr","locations":[{"start":{"line":1148,"column":13},"end":{"line":1148,"column":50}},{"start":{"line":1148,"column":50},"end":{"line":1148,"column":93}},{"start":{"line":1148,"column":87},"end":{"line":1200,"column":null}}]},"44":{"loc":{"start":{"line":1187,"column":29},"end":{"line":1187,"column":null}},"type":"binary-expr","locations":[{"start":{"line":1187,"column":29},"end":{"line":1187,"column":61}},{"start":{"line":1187,"column":61},"end":{"line":1187,"column":null}}]},"45":{"loc":{"start":{"line":1188,"column":29},"end":{"line":1188,"column":null}},"type":"binary-expr","locations":[{"start":{"line":1188,"column":29},"end":{"line":1188,"column":61}},{"start":{"line":1188,"column":61},"end":{"line":1188,"column":null}}]},"46":{"loc":{"start":{"line":1189,"column":29},"end":{"line":1189,"column":null}},"type":"binary-expr","locations":[{"start":{"line":1189,"column":29},"end":{"line":1189,"column":62}},{"start":{"line":1189,"column":62},"end":{"line":1189,"column":null}}]},"47":{"loc":{"start":{"line":1190,"column":29},"end":{"line":1190,"column":null}},"type":"binary-expr","locations":[{"start":{"line":1190,"column":29},"end":{"line":1190,"column":59}},{"start":{"line":1190,"column":59},"end":{"line":1190,"column":null}}]},"48":{"loc":{"start":{"line":1193,"column":25},"end":{"line":1193,"column":null}},"type":"binary-expr","locations":[{"start":{"line":1193,"column":25},"end":{"line":1193,"column":57}},{"start":{"line":1193,"column":57},"end":{"line":1193,"column":null}}]},"49":{"loc":{"start":{"line":1194,"column":25},"end":{"line":1194,"column":null}},"type":"binary-expr","locations":[{"start":{"line":1194,"column":25},"end":{"line":1194,"column":57}},{"start":{"line":1194,"column":57},"end":{"line":1194,"column":null}}]},"50":{"loc":{"start":{"line":1203,"column":13},"end":{"line":1223,"column":null}},"type":"binary-expr","locations":[{"start":{"line":1203,"column":13},"end":{"line":1203,"column":50}},{"start":{"line":1203,"column":50},"end":{"line":1203,"column":null}},{"start":{"line":1204,"column":14},"end":{"line":1223,"column":null}}]},"51":{"loc":{"start":{"line":1209,"column":20},"end":{"line":1209,"column":null}},"type":"if","locations":[{"start":{"line":1209,"column":20},"end":{"line":1209,"column":null}},{"start":{},"end":{}}]},"52":{"loc":{"start":{"line":1218,"column":25},"end":{"line":1218,"column":null}},"type":"binary-expr","locations":[{"start":{"line":1218,"column":25},"end":{"line":1218,"column":57}},{"start":{"line":1218,"column":57},"end":{"line":1218,"column":null}}]},"53":{"loc":{"start":{"line":1228,"column":15},"end":{"line":1231,"column":null}},"type":"binary-expr","locations":[{"start":{"line":1228,"column":15},"end":{"line":1228,"column":null}},{"start":{"line":1229,"column":16},"end":{"line":1231,"column":null}}]},"54":{"loc":{"start":{"line":1233,"column":15},"end":{"line":1236,"column":null}},"type":"binary-expr","locations":[{"start":{"line":1233,"column":15},"end":{"line":1233,"column":null}},{"start":{"line":1234,"column":16},"end":{"line":1236,"column":null}}]},"55":{"loc":{"start":{"line":1238,"column":15},"end":{"line":1241,"column":null}},"type":"binary-expr","locations":[{"start":{"line":1238,"column":15},"end":{"line":1238,"column":null}},{"start":{"line":1239,"column":16},"end":{"line":1241,"column":null}}]},"56":{"loc":{"start":{"line":1243,"column":15},"end":{"line":1246,"column":null}},"type":"binary-expr","locations":[{"start":{"line":1243,"column":15},"end":{"line":1243,"column":null}},{"start":{"line":1244,"column":16},"end":{"line":1246,"column":null}}]}},"s":{"0":1,"1":1,"2":34,"3":42,"4":1,"5":1,"6":1,"7":1,"8":1,"9":1,"10":1,"11":1,"12":1,"13":0,"14":0,"15":0,"16":0,"17":0,"18":1,"19":0,"20":0,"21":0,"22":0,"23":0,"24":0,"25":0,"26":0,"27":0,"28":0,"29":0,"30":0,"31":0,"32":0,"33":0,"34":0,"35":0,"36":0,"37":0,"38":0,"39":0,"40":0,"41":0,"42":0,"43":0,"44":0,"45":0,"46":0,"47":0,"48":0,"49":0,"50":0,"51":0,"52":0,"53":0,"54":0,"55":0,"56":0,"57":0,"58":0,"59":0,"60":0,"61":0,"62":0,"63":0,"64":0,"65":0,"66":0,"67":0,"68":0,"69":0,"70":0,"71":0,"72":0,"73":0,"74":0,"75":0,"76":0,"77":0,"78":0,"79":0,"80":0,"81":0,"82":0,"83":0,"84":0,"85":0,"86":0,"87":0,"88":0,"89":0,"90":0,"91":0,"92":0,"93":0,"94":0,"95":0,"96":0,"97":0,"98":0,"99":0,"100":0,"101":0,"102":0,"103":0,"104":0,"105":0,"106":0,"107":0,"108":0,"109":0,"110":0,"111":0,"112":0,"113":0,"114":0,"115":0,"116":0,"117":0,"118":0,"119":0,"120":0,"121":0,"122":0,"123":0,"124":0,"125":0,"126":0,"127":0,"128":0,"129":0,"130":0,"131":0,"132":0,"133":0,"134":0,"135":0,"136":0,"137":0,"138":0,"139":0,"140":0,"141":0,"142":0,"143":0,"144":0,"145":0,"146":0,"147":0,"148":0,"149":0,"150":0,"151":0,"152":0,"153":0,"154":0,"155":0,"156":0,"157":0,"158":0,"159":0,"160":0,"161":0,"162":0,"163":0,"164":0,"165":0},"f":{"0":34,"1":42,"2":0,"3":0,"4":0,"5":0,"6":0,"7":0,"8":0,"9":0,"10":0,"11":0,"12":0,"13":0,"14":0,"15":0,"16":0,"17":0,"18":0,"19":0,"20":0,"21":0,"22":0,"23":0,"24":0,"25":0,"26":0,"27":0,"28":0,"29":0,"30":0,"31":0,"32":0,"33":0,"34":0,"35":0,"36":0,"37":0,"38":0,"39":0,"40":0},"b":{"0":[0,0],"1":[0,0],"2":[0,0],"3":[0,0],"4":[0,0],"5":[0,0],"6":[0,0],"7":[0,0],"8":[0,0],"9":[0,0],"10":[0,0,0],"11":[0,0,0,0],"12":[0,0],"13":[0,0],"14":[0,0],"15":[0,0],"16":[0,0],"17":[0,0],"18":[0,0],"19":[0,0],"20":[0,0],"21":[0,0],"22":[0,0],"23":[0,0],"24":[0,0],"25":[0,0,0],"26":[0,0],"27":[0,0],"28":[0,0],"29":[0,0],"30":[0,0,0,0],"31":[0,0],"32":[0,0],"33":[0,0],"34":[0,0],"35":[0,0],"36":[0,0],"37":[0,0],"38":[0,0],"39":[0,0],"40":[0,0],"41":[0,0],"42":[0,0],"43":[0,0,0],"44":[0,0],"45":[0,0],"46":[0,0],"47":[0,0],"48":[0,0],"49":[0,0],"50":[0,0,0],"51":[0,0],"52":[0,0],"53":[0,0],"54":[0,0],"55":[0,0],"56":[0,0]}}
,"C:/Users/jenst/Desktop/repos/mat/src/views/TasksView.tsx": {"path":"C:/Users/jenst/Desktop/repos/mat/src/views/TasksView.tsx","statementMap":{"0":{"start":{"line":15,"column":23},"end":{"line":24,"column":null}},"1":{"start":{"line":26,"column":27},"end":{"line":36,"column":null}},"2":{"start":{"line":38,"column":22},"end":{"line":49,"column":null}},"3":{"start":{"line":51,"column":25},"end":{"line":211,"column":null}},"4":{"start":{"line":52,"column":35},"end":{"line":52,"column":null}},"5":{"start":{"line":53,"column":19},"end":{"line":53,"column":null}},"6":{"start":{"line":54,"column":21},"end":{"line":54,"column":null}},"7":{"start":{"line":56,"column":42},"end":{"line":56,"column":null}},"8":{"start":{"line":58,"column":2},"end":{"line":62,"column":null}},"9":{"start":{"line":59,"column":4},"end":{"line":61,"column":null}},"10":{"start":{"line":60,"column":6},"end":{"line":60,"column":null}},"11":{"start":{"line":64,"column":2},"end":{"line":73,"column":null}},"12":{"start":{"line":65,"column":4},"end":{"line":72,"column":null}},"13":{"start":{"line":66,"column":19},"end":{"line":66,"column":null}},"14":{"start":{"line":66,"column":45},"end":{"line":66,"column":60}},"15":{"start":{"line":67,"column":6},"end":{"line":69,"column":null}},"16":{"start":{"line":68,"column":8},"end":{"line":68,"column":null}},"17":{"start":{"line":71,"column":6},"end":{"line":71,"column":null}},"18":{"start":{"line":75,"column":26},"end":{"line":78,"column":null}},"19":{"start":{"line":76,"column":4},"end":{"line":76,"column":null}},"20":{"start":{"line":77,"column":4},"end":{"line":77,"column":null}},"21":{"start":{"line":80,"column":22},"end":{"line":83,"column":null}},"22":{"start":{"line":81,"column":4},"end":{"line":81,"column":null}},"23":{"start":{"line":82,"column":4},"end":{"line":82,"column":null}},"24":{"start":{"line":85,"column":2},"end":{"line":105,"column":null}},"25":{"start":{"line":86,"column":4},"end":{"line":103,"column":null}},"26":{"start":{"line":107,"column":2},"end":{"line":116,"column":null}},"27":{"start":{"line":108,"column":4},"end":{"line":114,"column":null}},"28":{"start":{"line":118,"column":2},"end":{"line":127,"column":null}},"29":{"start":{"line":119,"column":4},"end":{"line":125,"column":null}},"30":{"start":{"line":130,"column":21},"end":{"line":130,"column":null}},"31":{"start":{"line":131,"column":25},"end":{"line":136,"column":null}},"32":{"start":{"line":132,"column":18},"end":{"line":132,"column":null}},"33":{"start":{"line":133,"column":20},"end":{"line":133,"column":null}},"34":{"start":{"line":134,"column":26},"end":{"line":134,"column":null}},"35":{"start":{"line":135,"column":4},"end":{"line":135,"column":null}},"36":{"start":{"line":138,"column":2},"end":{"line":209,"column":null}},"37":{"start":{"line":179,"column":28},"end":{"line":179,"column":null}},"38":{"start":{"line":180,"column":30},"end":{"line":180,"column":null}},"39":{"start":{"line":181,"column":36},"end":{"line":181,"column":null}},"40":{"start":{"line":182,"column":34},"end":{"line":182,"column":null}},"41":{"start":{"line":183,"column":32},"end":{"line":187,"column":null}},"42":{"start":{"line":185,"column":28},"end":{"line":185,"column":40}},"43":{"start":{"line":188,"column":14},"end":{"line":198,"column":null}},"44":{"start":{"line":195,"column":35},"end":{"line":195,"column":null}}},"fnMap":{"0":{"name":"(anonymous_0)","decl":{"start":{"line":51,"column":34},"end":{"line":51,"column":40}},"loc":{"start":{"line":51,"column":40},"end":{"line":211,"column":1}}},"1":{"name":"(anonymous_1)","decl":{"start":{"line":58,"column":12},"end":{"line":58,"column":18}},"loc":{"start":{"line":58,"column":18},"end":{"line":62,"column":5}}},"2":{"name":"(anonymous_2)","decl":{"start":{"line":64,"column":12},"end":{"line":64,"column":18}},"loc":{"start":{"line":64,"column":18},"end":{"line":73,"column":5}}},"3":{"name":"(anonymous_3)","decl":{"start":{"line":66,"column":40},"end":{"line":66,"column":45}},"loc":{"start":{"line":66,"column":45},"end":{"line":66,"column":60}}},"4":{"name":"(anonymous_4)","decl":{"start":{"line":75,"column":38},"end":{"line":75,"column":39}},"loc":{"start":{"line":75,"column":54},"end":{"line":78,"column":5}}},"5":{"name":"(anonymous_5)","decl":{"start":{"line":80,"column":34},"end":{"line":80,"column":40}},"loc":{"start":{"line":80,"column":40},"end":{"line":83,"column":5}}},"6":{"name":"(anonymous_6)","decl":{"start":{"line":131,"column":48},"end":{"line":131,"column":56}},"loc":{"start":{"line":131,"column":56},"end":{"line":136,"column":3}}},"7":{"name":"(anonymous_7)","decl":{"start":{"line":178,"column":33},"end":{"line":178,"column":34}},"loc":{"start":{"line":178,"column":43},"end":{"line":200,"column":13}}},"8":{"name":"(anonymous_8)","decl":{"start":{"line":185,"column":21},"end":{"line":185,"column":22}},"loc":{"start":{"line":185,"column":28},"end":{"line":185,"column":40}}},"9":{"name":"(anonymous_9)","decl":{"start":{"line":195,"column":29},"end":{"line":195,"column":35}},"loc":{"start":{"line":195,"column":35},"end":{"line":195,"column":null}}}},"branchMap":{"0":{"loc":{"start":{"line":59,"column":4},"end":{"line":61,"column":null}},"type":"if","locations":[{"start":{"line":59,"column":4},"end":{"line":61,"column":null}},{"start":{},"end":{}}]},"1":{"loc":{"start":{"line":65,"column":4},"end":{"line":72,"column":null}},"type":"if","locations":[{"start":{"line":65,"column":4},"end":{"line":72,"column":null}},{"start":{"line":70,"column":11},"end":{"line":72,"column":null}}]},"2":{"loc":{"start":{"line":65,"column":8},"end":{"line":65,"column":46}},"type":"binary-expr","locations":[{"start":{"line":65,"column":8},"end":{"line":65,"column":18}},{"start":{"line":65,"column":18},"end":{"line":65,"column":46}}]},"3":{"loc":{"start":{"line":67,"column":6},"end":{"line":69,"column":null}},"type":"if","locations":[{"start":{"line":67,"column":6},"end":{"line":69,"column":null}},{"start":{},"end":{}}]},"4":{"loc":{"start":{"line":85,"column":2},"end":{"line":105,"column":null}},"type":"if","locations":[{"start":{"line":85,"column":2},"end":{"line":105,"column":null}},{"start":{},"end":{}}]},"5":{"loc":{"start":{"line":107,"column":2},"end":{"line":116,"column":null}},"type":"if","locations":[{"start":{"line":107,"column":2},"end":{"line":116,"column":null}},{"start":{},"end":{}}]},"6":{"loc":{"start":{"line":118,"column":2},"end":{"line":127,"column":null}},"type":"if","locations":[{"start":{"line":118,"column":2},"end":{"line":127,"column":null}},{"start":{},"end":{}}]},"7":{"loc":{"start":{"line":132,"column":18},"end":{"line":132,"column":null}},"type":"binary-expr","locations":[{"start":{"line":132,"column":18},"end":{"line":132,"column":32}},{"start":{"line":132,"column":32},"end":{"line":132,"column":null}}]},"8":{"loc":{"start":{"line":133,"column":20},"end":{"line":133,"column":null}},"type":"binary-expr","locations":[{"start":{"line":133,"column":20},"end":{"line":133,"column":50}},{"start":{"line":133,"column":50},"end":{"line":133,"column":null}}]},"9":{"loc":{"start":{"line":135,"column":11},"end":{"line":135,"column":null}},"type":"binary-expr","locations":[{"start":{"line":135,"column":11},"end":{"line":135,"column":45}},{"start":{"line":135,"column":45},"end":{"line":135,"column":null}}]},"10":{"loc":{"start":{"line":179,"column":28},"end":{"line":179,"column":null}},"type":"binary-expr","locations":[{"start":{"line":179,"column":28},"end":{"line":179,"column":42}},{"start":{"line":179,"column":42},"end":{"line":179,"column":null}}]},"11":{"loc":{"start":{"line":180,"column":30},"end":{"line":180,"column":null}},"type":"binary-expr","locations":[{"start":{"line":180,"column":30},"end":{"line":180,"column":60}},{"start":{"line":180,"column":60},"end":{"line":180,"column":null}}]},"12":{"loc":{"start":{"line":182,"column":34},"end":{"line":182,"column":null}},"type":"binary-expr","locations":[{"start":{"line":182,"column":34},"end":{"line":182,"column":68}},{"start":{"line":182,"column":68},"end":{"line":182,"column":null}}]}},"s":{"0":1,"1":1,"2":1,"3":1,"4":0,"5":0,"6":0,"7":0,"8":0,"9":0,"10":0,"11":0,"12":0,"13":0,"14":0,"15":0,"16":0,"17":0,"18":0,"19":0,"20":0,"21":0,"22":0,"23":0,"24":0,"25":0,"26":0,"27":0,"28":0,"29":0,"30":0,"31":0,"32":0,"33":0,"34":0,"35":0,"36":0,"37":0,"38":0,"39":0,"40":0,"41":0,"42":0,"43":0,"44":0},"f":{"0":0,"1":0,"2":0,"3":0,"4":0,"5":0,"6":0,"7":0,"8":0,"9":0},"b":{"0":[0,0],"1":[0,0],"2":[0,0],"3":[0,0],"4":[0,0],"5":[0,0],"6":[0,0],"7":[0,0],"8":[0,0],"9":[0,0],"10":[0,0],"11":[0,0],"12":[0,0]}}
}
